{"/Users/kirwanmolek/Documents/Hacktiv8/js-phase3/Splitter/Server/app.js": {"path":"/Users/kirwanmolek/Documents/Hacktiv8/js-phase3/Splitter/Server/app.js","statementMap":{"0":{"start":{"line":1,"column":0},"end":{"line":3,"column":1}},"1":{"start":{"line":2,"column":4},"end":{"line":2,"column":30}},"2":{"start":{"line":5,"column":16},"end":{"line":5,"column":34}},"3":{"start":{"line":6,"column":12},"end":{"line":6,"column":21}},"4":{"start":{"line":7,"column":15},"end":{"line":7,"column":34}},"5":{"start":{"line":8,"column":13},"end":{"line":8,"column":28}},"6":{"start":{"line":9,"column":21},"end":{"line":9,"column":58}},"7":{"start":{"line":10,"column":17},"end":{"line":10,"column":36}},"8":{"start":{"line":11,"column":16},"end":{"line":11,"column":71}},"9":{"start":{"line":14,"column":0},"end":{"line":16,"column":1}},"10":{"start":{"line":15,"column":4},"end":{"line":15,"column":47}},"11":{"start":{"line":18,"column":0},"end":{"line":24,"column":2}},"12":{"start":{"line":20,"column":4},"end":{"line":20,"column":60}},"13":{"start":{"line":23,"column":4},"end":{"line":23,"column":20}},"14":{"start":{"line":26,"column":0},"end":{"line":31,"column":22}},"15":{"start":{"line":33,"column":0},"end":{"line":33,"column":20}}},"fnMap":{"0":{"name":"(anonymous_0)","decl":{"start":{"line":19,"column":6},"end":{"line":19,"column":7}},"loc":{"start":{"line":19,"column":17},"end":{"line":21,"column":1}},"line":19},"1":{"name":"(anonymous_1)","decl":{"start":{"line":22,"column":7},"end":{"line":22,"column":8}},"loc":{"start":{"line":22,"column":14},"end":{"line":24,"column":1}},"line":22}},"branchMap":{"0":{"loc":{"start":{"line":1,"column":0},"end":{"line":3,"column":1}},"type":"if","locations":[{"start":{"line":1,"column":0},"end":{"line":3,"column":1}},{"start":{"line":1,"column":0},"end":{"line":3,"column":1}}],"line":1},"1":{"loc":{"start":{"line":1,"column":3},"end":{"line":1,"column":74}},"type":"binary-expr","locations":[{"start":{"line":1,"column":3},"end":{"line":1,"column":40}},{"start":{"line":1,"column":44},"end":{"line":1,"column":74}}],"line":1},"2":{"loc":{"start":{"line":11,"column":16},"end":{"line":11,"column":71}},"type":"binary-expr","locations":[{"start":{"line":11,"column":16},"end":{"line":11,"column":39}},{"start":{"line":11,"column":43},"end":{"line":11,"column":71}}],"line":11},"3":{"loc":{"start":{"line":14,"column":0},"end":{"line":16,"column":1}},"type":"if","locations":[{"start":{"line":14,"column":0},"end":{"line":16,"column":1}},{"start":{"line":14,"column":0},"end":{"line":16,"column":1}}],"line":14},"4":{"loc":{"start":{"line":14,"column":4},"end":{"line":14,"column":75}},"type":"binary-expr","locations":[{"start":{"line":14,"column":4},"end":{"line":14,"column":41}},{"start":{"line":14,"column":45},"end":{"line":14,"column":75}}],"line":14}},"s":{"0":1,"1":1,"2":1,"3":1,"4":1,"5":1,"6":1,"7":1,"8":1,"9":1,"10":1,"11":1,"12":1,"13":0,"14":1,"15":1},"f":{"0":1,"1":0},"b":{"0":[1,0],"1":[1,1],"2":[1,1],"3":[1,0],"4":[1,1]},"_coverageSchema":"1a1c01bbd47fc00a2c39e90264f33305004495a9","hash":"d652ffc37b432ba31985ff8396c9e272483529ca"}
,"/Users/kirwanmolek/Documents/Hacktiv8/js-phase3/Splitter/Server/controllers/EventController.js": {"path":"/Users/kirwanmolek/Documents/Hacktiv8/js-phase3/Splitter/Server/controllers/EventController.js","statementMap":{"0":{"start":{"line":1,"column":18},"end":{"line":1,"column":44}},"1":{"start":{"line":2,"column":18},"end":{"line":2,"column":37}},"2":{"start":{"line":3,"column":18},"end":{"line":3,"column":41}},"3":{"start":{"line":7,"column":8},"end":{"line":15,"column":15}},"4":{"start":{"line":9,"column":16},"end":{"line":11,"column":19}},"5":{"start":{"line":14,"column":16},"end":{"line":14,"column":26}},"6":{"start":{"line":19,"column":8},"end":{"line":27,"column":15}},"7":{"start":{"line":21,"column":16},"end":{"line":23,"column":19}},"8":{"start":{"line":26,"column":16},"end":{"line":26,"column":25}},"9":{"start":{"line":31,"column":72},"end":{"line":31,"column":80}},"10":{"start":{"line":32,"column":22},"end":{"line":32,"column":88}},"11":{"start":{"line":33,"column":8},"end":{"line":41,"column":15}},"12":{"start":{"line":35,"column":16},"end":{"line":37,"column":19}},"13":{"start":{"line":40,"column":16},"end":{"line":40,"column":25}},"14":{"start":{"line":45,"column":72},"end":{"line":45,"column":80}},"15":{"start":{"line":47,"column":8},"end":{"line":55,"column":15}},"16":{"start":{"line":49,"column":16},"end":{"line":51,"column":19}},"17":{"start":{"line":54,"column":16},"end":{"line":54,"column":26}},"18":{"start":{"line":59,"column":8},"end":{"line":65,"column":15}},"19":{"start":{"line":61,"column":16},"end":{"line":61,"column":50}},"20":{"start":{"line":64,"column":16},"end":{"line":64,"column":26}},"21":{"start":{"line":69,"column":0},"end":{"line":69,"column":33}}},"fnMap":{"0":{"name":"(anonymous_0)","decl":{"start":{"line":6,"column":4},"end":{"line":6,"column":5}},"loc":{"start":{"line":6,"column":38},"end":{"line":16,"column":5}},"line":6},"1":{"name":"(anonymous_1)","decl":{"start":{"line":8,"column":18},"end":{"line":8,"column":19}},"loc":{"start":{"line":8,"column":28},"end":{"line":12,"column":13}},"line":8},"2":{"name":"(anonymous_2)","decl":{"start":{"line":13,"column":19},"end":{"line":13,"column":20}},"loc":{"start":{"line":13,"column":26},"end":{"line":15,"column":13}},"line":13},"3":{"name":"(anonymous_3)","decl":{"start":{"line":18,"column":4},"end":{"line":18,"column":5}},"loc":{"start":{"line":18,"column":41},"end":{"line":28,"column":5}},"line":18},"4":{"name":"(anonymous_4)","decl":{"start":{"line":20,"column":18},"end":{"line":20,"column":19}},"loc":{"start":{"line":20,"column":27},"end":{"line":24,"column":13}},"line":20},"5":{"name":"(anonymous_5)","decl":{"start":{"line":25,"column":19},"end":{"line":25,"column":20}},"loc":{"start":{"line":25,"column":26},"end":{"line":27,"column":13}},"line":25},"6":{"name":"(anonymous_6)","decl":{"start":{"line":30,"column":4},"end":{"line":30,"column":5}},"loc":{"start":{"line":30,"column":36},"end":{"line":42,"column":5}},"line":30},"7":{"name":"(anonymous_7)","decl":{"start":{"line":34,"column":18},"end":{"line":34,"column":19}},"loc":{"start":{"line":34,"column":24},"end":{"line":38,"column":13}},"line":34},"8":{"name":"(anonymous_8)","decl":{"start":{"line":39,"column":19},"end":{"line":39,"column":20}},"loc":{"start":{"line":39,"column":26},"end":{"line":41,"column":13}},"line":39},"9":{"name":"(anonymous_9)","decl":{"start":{"line":44,"column":4},"end":{"line":44,"column":5}},"loc":{"start":{"line":44,"column":39},"end":{"line":56,"column":5}},"line":44},"10":{"name":"(anonymous_10)","decl":{"start":{"line":48,"column":18},"end":{"line":48,"column":19}},"loc":{"start":{"line":48,"column":31},"end":{"line":52,"column":13}},"line":48},"11":{"name":"(anonymous_11)","decl":{"start":{"line":53,"column":19},"end":{"line":53,"column":20}},"loc":{"start":{"line":53,"column":26},"end":{"line":55,"column":13}},"line":53},"12":{"name":"(anonymous_12)","decl":{"start":{"line":58,"column":4},"end":{"line":58,"column":5}},"loc":{"start":{"line":58,"column":39},"end":{"line":66,"column":5}},"line":58},"13":{"name":"(anonymous_13)","decl":{"start":{"line":60,"column":18},"end":{"line":60,"column":19}},"loc":{"start":{"line":60,"column":31},"end":{"line":62,"column":13}},"line":60},"14":{"name":"(anonymous_14)","decl":{"start":{"line":63,"column":19},"end":{"line":63,"column":20}},"loc":{"start":{"line":63,"column":26},"end":{"line":65,"column":13}},"line":63}},"branchMap":{},"s":{"0":1,"1":1,"2":1,"3":0,"4":0,"5":0,"6":0,"7":0,"8":0,"9":0,"10":0,"11":0,"12":0,"13":0,"14":0,"15":0,"16":0,"17":0,"18":0,"19":0,"20":0,"21":1},"f":{"0":0,"1":0,"2":0,"3":0,"4":0,"5":0,"6":0,"7":0,"8":0,"9":0,"10":0,"11":0,"12":0,"13":0,"14":0},"b":{},"_coverageSchema":"1a1c01bbd47fc00a2c39e90264f33305004495a9","hash":"486e5537c9ad759cbef50e0c69d8e7be032da868"}
,"/Users/kirwanmolek/Documents/Hacktiv8/js-phase3/Splitter/Server/controllers/UserController.js": {"path":"/Users/kirwanmolek/Documents/Hacktiv8/js-phase3/Splitter/Server/controllers/UserController.js","statementMap":{"0":{"start":{"line":1,"column":13},"end":{"line":1,"column":38}},"1":{"start":{"line":2,"column":15},"end":{"line":2,"column":43}},"2":{"start":{"line":3,"column":26},"end":{"line":3,"column":55}},"3":{"start":{"line":7,"column":85},"end":{"line":7,"column":93}},"4":{"start":{"line":8,"column":8},"end":{"line":38,"column":11}},"5":{"start":{"line":18,"column":26},"end":{"line":18,"column":77}},"6":{"start":{"line":19,"column":12},"end":{"line":28,"column":15}},"7":{"start":{"line":37,"column":12},"end":{"line":37,"column":55}},"8":{"start":{"line":42,"column":39},"end":{"line":42,"column":47}},"9":{"start":{"line":43,"column":8},"end":{"line":65,"column":20}},"10":{"start":{"line":45,"column":12},"end":{"line":63,"column":13}},"11":{"start":{"line":46,"column":16},"end":{"line":46,"column":72}},"12":{"start":{"line":48,"column":16},"end":{"line":62,"column":17}},"13":{"start":{"line":49,"column":34},"end":{"line":49,"column":85}},"14":{"start":{"line":50,"column":20},"end":{"line":59,"column":23}},"15":{"start":{"line":61,"column":20},"end":{"line":61,"column":77}},"16":{"start":{"line":69,"column":19},"end":{"line":69,"column":32}},"17":{"start":{"line":70,"column":8},"end":{"line":74,"column":20}},"18":{"start":{"line":72,"column":12},"end":{"line":72,"column":39}},"19":{"start":{"line":78,"column":25},"end":{"line":78,"column":44}},"20":{"start":{"line":79,"column":8},"end":{"line":83,"column":20}},"21":{"start":{"line":81,"column":12},"end":{"line":81,"column":39}},"22":{"start":{"line":87,"column":19},"end":{"line":87,"column":32}},"23":{"start":{"line":88,"column":58},"end":{"line":88,"column":66}},"24":{"start":{"line":89,"column":8},"end":{"line":103,"column":20}},"25":{"start":{"line":101,"column":12},"end":{"line":101,"column":39}},"26":{"start":{"line":108,"column":19},"end":{"line":108,"column":32}},"27":{"start":{"line":109,"column":50},"end":{"line":109,"column":58}},"28":{"start":{"line":110,"column":28},"end":{"line":110,"column":33}},"29":{"start":{"line":112,"column":8},"end":{"line":152,"column":20}},"30":{"start":{"line":114,"column":12},"end":{"line":150,"column":13}},"31":{"start":{"line":115,"column":16},"end":{"line":119,"column":18}},"32":{"start":{"line":116,"column":20},"end":{"line":118,"column":21}},"33":{"start":{"line":117,"column":24},"end":{"line":117,"column":44}},"34":{"start":{"line":120,"column":16},"end":{"line":147,"column":17}},"35":{"start":{"line":121,"column":20},"end":{"line":144,"column":22}},"36":{"start":{"line":136,"column":24},"end":{"line":136,"column":65}},"37":{"start":{"line":137,"column":24},"end":{"line":143,"column":26}},"38":{"start":{"line":146,"column":20},"end":{"line":146,"column":76}},"39":{"start":{"line":149,"column":16},"end":{"line":149,"column":64}},"40":{"start":{"line":157,"column":19},"end":{"line":157,"column":32}},"41":{"start":{"line":158,"column":26},"end":{"line":158,"column":46}},"42":{"start":{"line":159,"column":8},"end":{"line":159,"column":48}},"43":{"start":{"line":160,"column":29},"end":{"line":160,"column":34}},"44":{"start":{"line":161,"column":28},"end":{"line":161,"column":30}},"45":{"start":{"line":163,"column":8},"end":{"line":200,"column":20}},"46":{"start":{"line":165,"column":12},"end":{"line":195,"column":13}},"47":{"start":{"line":166,"column":16},"end":{"line":176,"column":18}},"48":{"start":{"line":167,"column":20},"end":{"line":175,"column":21}},"49":{"start":{"line":168,"column":24},"end":{"line":168,"column":45}},"50":{"start":{"line":169,"column":24},"end":{"line":174,"column":25}},"51":{"start":{"line":177,"column":16},"end":{"line":192,"column":17}},"52":{"start":{"line":178,"column":20},"end":{"line":189,"column":21}},"53":{"start":{"line":191,"column":20},"end":{"line":191,"column":73}},"54":{"start":{"line":194,"column":16},"end":{"line":194,"column":66}},"55":{"start":{"line":198,"column":12},"end":{"line":198,"column":47}},"56":{"start":{"line":205,"column":19},"end":{"line":205,"column":32}},"57":{"start":{"line":206,"column":29},"end":{"line":206,"column":37}},"58":{"start":{"line":207,"column":26},"end":{"line":207,"column":31}},"59":{"start":{"line":209,"column":8},"end":{"line":240,"column":20}},"60":{"start":{"line":211,"column":12},"end":{"line":235,"column":13}},"61":{"start":{"line":212,"column":16},"end":{"line":216,"column":18}},"62":{"start":{"line":213,"column":20},"end":{"line":215,"column":21}},"63":{"start":{"line":214,"column":24},"end":{"line":214,"column":42}},"64":{"start":{"line":217,"column":16},"end":{"line":232,"column":17}},"65":{"start":{"line":218,"column":20},"end":{"line":218,"column":72}},"66":{"start":{"line":220,"column":20},"end":{"line":231,"column":21}},"67":{"start":{"line":234,"column":16},"end":{"line":234,"column":66}},"68":{"start":{"line":238,"column":12},"end":{"line":238,"column":61}},"69":{"start":{"line":245,"column":19},"end":{"line":245,"column":32}},"70":{"start":{"line":246,"column":25},"end":{"line":246,"column":44}},"71":{"start":{"line":247,"column":26},"end":{"line":247,"column":31}},"72":{"start":{"line":249,"column":8},"end":{"line":280,"column":20}},"73":{"start":{"line":251,"column":12},"end":{"line":275,"column":13}},"74":{"start":{"line":252,"column":16},"end":{"line":256,"column":18}},"75":{"start":{"line":253,"column":20},"end":{"line":255,"column":21}},"76":{"start":{"line":254,"column":24},"end":{"line":254,"column":42}},"77":{"start":{"line":257,"column":16},"end":{"line":272,"column":17}},"78":{"start":{"line":258,"column":20},"end":{"line":269,"column":21}},"79":{"start":{"line":271,"column":20},"end":{"line":271,"column":72}},"80":{"start":{"line":274,"column":16},"end":{"line":274,"column":66}},"81":{"start":{"line":278,"column":12},"end":{"line":278,"column":61}},"82":{"start":{"line":284,"column":0},"end":{"line":284,"column":32}}},"fnMap":{"0":{"name":"(anonymous_0)","decl":{"start":{"line":6,"column":4},"end":{"line":6,"column":5}},"loc":{"start":{"line":6,"column":36},"end":{"line":39,"column":5}},"line":6},"1":{"name":"(anonymous_1)","decl":{"start":{"line":17,"column":14},"end":{"line":17,"column":15}},"loc":{"start":{"line":17,"column":22},"end":{"line":29,"column":9}},"line":17},"2":{"name":"(anonymous_2)","decl":{"start":{"line":30,"column":15},"end":{"line":30,"column":16}},"loc":{"start":{"line":30,"column":22},"end":{"line":38,"column":9}},"line":30},"3":{"name":"(anonymous_3)","decl":{"start":{"line":41,"column":4},"end":{"line":41,"column":5}},"loc":{"start":{"line":41,"column":33},"end":{"line":66,"column":5}},"line":41},"4":{"name":"(anonymous_4)","decl":{"start":{"line":44,"column":14},"end":{"line":44,"column":15}},"loc":{"start":{"line":44,"column":22},"end":{"line":64,"column":9}},"line":44},"5":{"name":"(anonymous_5)","decl":{"start":{"line":68,"column":4},"end":{"line":68,"column":5}},"loc":{"start":{"line":68,"column":37},"end":{"line":75,"column":5}},"line":68},"6":{"name":"(anonymous_6)","decl":{"start":{"line":71,"column":14},"end":{"line":71,"column":15}},"loc":{"start":{"line":71,"column":22},"end":{"line":73,"column":9}},"line":71},"7":{"name":"(anonymous_7)","decl":{"start":{"line":77,"column":4},"end":{"line":77,"column":5}},"loc":{"start":{"line":77,"column":43},"end":{"line":84,"column":5}},"line":77},"8":{"name":"(anonymous_8)","decl":{"start":{"line":80,"column":14},"end":{"line":80,"column":15}},"loc":{"start":{"line":80,"column":22},"end":{"line":82,"column":9}},"line":80},"9":{"name":"(anonymous_9)","decl":{"start":{"line":86,"column":4},"end":{"line":86,"column":5}},"loc":{"start":{"line":86,"column":34},"end":{"line":104,"column":5}},"line":86},"10":{"name":"(anonymous_10)","decl":{"start":{"line":100,"column":14},"end":{"line":100,"column":15}},"loc":{"start":{"line":100,"column":22},"end":{"line":102,"column":9}},"line":100},"11":{"name":"(anonymous_11)","decl":{"start":{"line":106,"column":4},"end":{"line":106,"column":5}},"loc":{"start":{"line":106,"column":38},"end":{"line":153,"column":5}},"line":106},"12":{"name":"(anonymous_12)","decl":{"start":{"line":113,"column":14},"end":{"line":113,"column":15}},"loc":{"start":{"line":113,"column":22},"end":{"line":151,"column":9}},"line":113},"13":{"name":"(anonymous_13)","decl":{"start":{"line":115,"column":34},"end":{"line":115,"column":35}},"loc":{"start":{"line":115,"column":45},"end":{"line":119,"column":17}},"line":115},"14":{"name":"(anonymous_14)","decl":{"start":{"line":135,"column":26},"end":{"line":135,"column":27}},"loc":{"start":{"line":135,"column":41},"end":{"line":144,"column":21}},"line":135},"15":{"name":"(anonymous_15)","decl":{"start":{"line":155,"column":4},"end":{"line":155,"column":5}},"loc":{"start":{"line":155,"column":41},"end":{"line":201,"column":5}},"line":155},"16":{"name":"(anonymous_16)","decl":{"start":{"line":164,"column":14},"end":{"line":164,"column":15}},"loc":{"start":{"line":164,"column":22},"end":{"line":196,"column":9}},"line":164},"17":{"name":"(anonymous_17)","decl":{"start":{"line":166,"column":34},"end":{"line":166,"column":35}},"loc":{"start":{"line":166,"column":40},"end":{"line":176,"column":17}},"line":166},"18":{"name":"(anonymous_18)","decl":{"start":{"line":197,"column":14},"end":{"line":197,"column":15}},"loc":{"start":{"line":197,"column":25},"end":{"line":199,"column":9}},"line":197},"19":{"name":"(anonymous_19)","decl":{"start":{"line":203,"column":4},"end":{"line":203,"column":5}},"loc":{"start":{"line":203,"column":37},"end":{"line":241,"column":5}},"line":203},"20":{"name":"(anonymous_20)","decl":{"start":{"line":210,"column":14},"end":{"line":210,"column":15}},"loc":{"start":{"line":210,"column":22},"end":{"line":236,"column":9}},"line":210},"21":{"name":"(anonymous_21)","decl":{"start":{"line":212,"column":36},"end":{"line":212,"column":37}},"loc":{"start":{"line":212,"column":42},"end":{"line":216,"column":17}},"line":212},"22":{"name":"(anonymous_22)","decl":{"start":{"line":237,"column":14},"end":{"line":237,"column":15}},"loc":{"start":{"line":237,"column":25},"end":{"line":239,"column":9}},"line":237},"23":{"name":"(anonymous_23)","decl":{"start":{"line":243,"column":4},"end":{"line":243,"column":5}},"loc":{"start":{"line":243,"column":40},"end":{"line":281,"column":5}},"line":243},"24":{"name":"(anonymous_24)","decl":{"start":{"line":250,"column":14},"end":{"line":250,"column":15}},"loc":{"start":{"line":250,"column":22},"end":{"line":276,"column":9}},"line":250},"25":{"name":"(anonymous_25)","decl":{"start":{"line":252,"column":36},"end":{"line":252,"column":37}},"loc":{"start":{"line":252,"column":42},"end":{"line":256,"column":17}},"line":252},"26":{"name":"(anonymous_26)","decl":{"start":{"line":277,"column":14},"end":{"line":277,"column":15}},"loc":{"start":{"line":277,"column":25},"end":{"line":279,"column":9}},"line":277}},"branchMap":{"0":{"loc":{"start":{"line":45,"column":12},"end":{"line":63,"column":13}},"type":"if","locations":[{"start":{"line":45,"column":12},"end":{"line":63,"column":13}},{"start":{"line":45,"column":12},"end":{"line":63,"column":13}}],"line":45},"1":{"loc":{"start":{"line":48,"column":16},"end":{"line":62,"column":17}},"type":"if","locations":[{"start":{"line":48,"column":16},"end":{"line":62,"column":17}},{"start":{"line":48,"column":16},"end":{"line":62,"column":17}}],"line":48},"2":{"loc":{"start":{"line":114,"column":12},"end":{"line":150,"column":13}},"type":"if","locations":[{"start":{"line":114,"column":12},"end":{"line":150,"column":13}},{"start":{"line":114,"column":12},"end":{"line":150,"column":13}}],"line":114},"3":{"loc":{"start":{"line":116,"column":20},"end":{"line":118,"column":21}},"type":"if","locations":[{"start":{"line":116,"column":20},"end":{"line":118,"column":21}},{"start":{"line":116,"column":20},"end":{"line":118,"column":21}}],"line":116},"4":{"loc":{"start":{"line":116,"column":23},"end":{"line":116,"column":117}},"type":"binary-expr","locations":[{"start":{"line":116,"column":23},"end":{"line":116,"column":43}},{"start":{"line":116,"column":47},"end":{"line":116,"column":75}},{"start":{"line":116,"column":79},"end":{"line":116,"column":117}}],"line":116},"5":{"loc":{"start":{"line":120,"column":16},"end":{"line":147,"column":17}},"type":"if","locations":[{"start":{"line":120,"column":16},"end":{"line":147,"column":17}},{"start":{"line":120,"column":16},"end":{"line":147,"column":17}}],"line":120},"6":{"loc":{"start":{"line":165,"column":12},"end":{"line":195,"column":13}},"type":"if","locations":[{"start":{"line":165,"column":12},"end":{"line":195,"column":13}},{"start":{"line":165,"column":12},"end":{"line":195,"column":13}}],"line":165},"7":{"loc":{"start":{"line":167,"column":20},"end":{"line":175,"column":21}},"type":"if","locations":[{"start":{"line":167,"column":20},"end":{"line":175,"column":21}},{"start":{"line":167,"column":20},"end":{"line":175,"column":21}}],"line":167},"8":{"loc":{"start":{"line":177,"column":16},"end":{"line":192,"column":17}},"type":"if","locations":[{"start":{"line":177,"column":16},"end":{"line":192,"column":17}},{"start":{"line":177,"column":16},"end":{"line":192,"column":17}}],"line":177},"9":{"loc":{"start":{"line":211,"column":12},"end":{"line":235,"column":13}},"type":"if","locations":[{"start":{"line":211,"column":12},"end":{"line":235,"column":13}},{"start":{"line":211,"column":12},"end":{"line":235,"column":13}}],"line":211},"10":{"loc":{"start":{"line":213,"column":20},"end":{"line":215,"column":21}},"type":"if","locations":[{"start":{"line":213,"column":20},"end":{"line":215,"column":21}},{"start":{"line":213,"column":20},"end":{"line":215,"column":21}}],"line":213},"11":{"loc":{"start":{"line":217,"column":16},"end":{"line":232,"column":17}},"type":"if","locations":[{"start":{"line":217,"column":16},"end":{"line":232,"column":17}},{"start":{"line":217,"column":16},"end":{"line":232,"column":17}}],"line":217},"12":{"loc":{"start":{"line":251,"column":12},"end":{"line":275,"column":13}},"type":"if","locations":[{"start":{"line":251,"column":12},"end":{"line":275,"column":13}},{"start":{"line":251,"column":12},"end":{"line":275,"column":13}}],"line":251},"13":{"loc":{"start":{"line":253,"column":20},"end":{"line":255,"column":21}},"type":"if","locations":[{"start":{"line":253,"column":20},"end":{"line":255,"column":21}},{"start":{"line":253,"column":20},"end":{"line":255,"column":21}}],"line":253},"14":{"loc":{"start":{"line":257,"column":16},"end":{"line":272,"column":17}},"type":"if","locations":[{"start":{"line":257,"column":16},"end":{"line":272,"column":17}},{"start":{"line":257,"column":16},"end":{"line":272,"column":17}}],"line":257}},"s":{"0":1,"1":1,"2":1,"3":3,"4":3,"5":2,"6":2,"7":1,"8":3,"9":3,"10":3,"11":1,"12":2,"13":1,"14":1,"15":1,"16":1,"17":1,"18":1,"19":1,"20":1,"21":1,"22":1,"23":1,"24":1,"25":1,"26":1,"27":1,"28":1,"29":1,"30":1,"31":1,"32":2,"33":0,"34":1,"35":1,"36":1,"37":1,"38":0,"39":0,"40":1,"41":1,"42":1,"43":1,"44":1,"45":1,"46":1,"47":1,"48":3,"49":0,"50":0,"51":1,"52":0,"53":1,"54":0,"55":1,"56":0,"57":0,"58":0,"59":0,"60":0,"61":0,"62":0,"63":0,"64":0,"65":0,"66":0,"67":0,"68":0,"69":0,"70":0,"71":0,"72":0,"73":0,"74":0,"75":0,"76":0,"77":0,"78":0,"79":0,"80":0,"81":0,"82":1},"f":{"0":3,"1":2,"2":1,"3":3,"4":3,"5":1,"6":1,"7":1,"8":1,"9":1,"10":1,"11":1,"12":1,"13":2,"14":1,"15":1,"16":1,"17":3,"18":1,"19":0,"20":0,"21":0,"22":0,"23":0,"24":0,"25":0,"26":0},"b":{"0":[1,2],"1":[1,1],"2":[1,0],"3":[0,2],"4":[2,0,0],"5":[1,0],"6":[1,0],"7":[0,3],"8":[0,1],"9":[0,0],"10":[0,0],"11":[0,0],"12":[0,0],"13":[0,0],"14":[0,0]},"_coverageSchema":"1a1c01bbd47fc00a2c39e90264f33305004495a9","hash":"a09874afb96e7943b96a4605a5d7e17c9f5e05f0"}
,"/Users/kirwanmolek/Documents/Hacktiv8/js-phase3/Splitter/Server/controllers/transactionController.js": {"path":"/Users/kirwanmolek/Documents/Hacktiv8/js-phase3/Splitter/Server/controllers/transactionController.js","statementMap":{"0":{"start":{"line":1,"column":25},"end":{"line":1,"column":57}},"1":{"start":{"line":2,"column":15},"end":{"line":2,"column":34}},"2":{"start":{"line":6,"column":8},"end":{"line":19,"column":10}},"3":{"start":{"line":8,"column":12},"end":{"line":15,"column":13}},"4":{"start":{"line":9,"column":16},"end":{"line":9,"column":53}},"5":{"start":{"line":11,"column":16},"end":{"line":14,"column":18}},"6":{"start":{"line":18,"column":12},"end":{"line":18,"column":21}},"7":{"start":{"line":23,"column":8},"end":{"line":38,"column":10}},"8":{"start":{"line":27,"column":12},"end":{"line":34,"column":13}},"9":{"start":{"line":28,"column":16},"end":{"line":28,"column":53}},"10":{"start":{"line":30,"column":16},"end":{"line":33,"column":18}},"11":{"start":{"line":37,"column":12},"end":{"line":37,"column":21}},"12":{"start":{"line":43,"column":8},"end":{"line":58,"column":10}},"13":{"start":{"line":47,"column":12},"end":{"line":54,"column":13}},"14":{"start":{"line":48,"column":16},"end":{"line":48,"column":53}},"15":{"start":{"line":50,"column":16},"end":{"line":53,"column":18}},"16":{"start":{"line":57,"column":12},"end":{"line":57,"column":21}},"17":{"start":{"line":62,"column":8},"end":{"line":80,"column":10}},"18":{"start":{"line":69,"column":12},"end":{"line":76,"column":13}},"19":{"start":{"line":70,"column":16},"end":{"line":70,"column":56}},"20":{"start":{"line":72,"column":16},"end":{"line":75,"column":18}},"21":{"start":{"line":79,"column":12},"end":{"line":79,"column":21}},"22":{"start":{"line":85,"column":0},"end":{"line":85,"column":38}}},"fnMap":{"0":{"name":"(anonymous_0)","decl":{"start":{"line":5,"column":4},"end":{"line":5,"column":5}},"loc":{"start":{"line":5,"column":48},"end":{"line":20,"column":5}},"line":5},"1":{"name":"(anonymous_1)","decl":{"start":{"line":7,"column":14},"end":{"line":7,"column":15}},"loc":{"start":{"line":7,"column":33},"end":{"line":16,"column":9}},"line":7},"2":{"name":"(anonymous_2)","decl":{"start":{"line":17,"column":15},"end":{"line":17,"column":16}},"loc":{"start":{"line":17,"column":22},"end":{"line":19,"column":9}},"line":17},"3":{"name":"(anonymous_3)","decl":{"start":{"line":22,"column":4},"end":{"line":22,"column":5}},"loc":{"start":{"line":22,"column":51},"end":{"line":39,"column":5}},"line":22},"4":{"name":"(anonymous_4)","decl":{"start":{"line":26,"column":14},"end":{"line":26,"column":15}},"loc":{"start":{"line":26,"column":33},"end":{"line":35,"column":9}},"line":26},"5":{"name":"(anonymous_5)","decl":{"start":{"line":36,"column":15},"end":{"line":36,"column":16}},"loc":{"start":{"line":36,"column":22},"end":{"line":38,"column":9}},"line":36},"6":{"name":"(anonymous_6)","decl":{"start":{"line":42,"column":4},"end":{"line":42,"column":5}},"loc":{"start":{"line":42,"column":50},"end":{"line":59,"column":5}},"line":42},"7":{"name":"(anonymous_7)","decl":{"start":{"line":46,"column":14},"end":{"line":46,"column":15}},"loc":{"start":{"line":46,"column":33},"end":{"line":55,"column":9}},"line":46},"8":{"name":"(anonymous_8)","decl":{"start":{"line":56,"column":15},"end":{"line":56,"column":16}},"loc":{"start":{"line":56,"column":22},"end":{"line":58,"column":9}},"line":56},"9":{"name":"(anonymous_9)","decl":{"start":{"line":61,"column":4},"end":{"line":61,"column":5}},"loc":{"start":{"line":61,"column":41},"end":{"line":81,"column":5}},"line":61},"10":{"name":"(anonymous_10)","decl":{"start":{"line":68,"column":14},"end":{"line":68,"column":15}},"loc":{"start":{"line":68,"column":36},"end":{"line":77,"column":9}},"line":68},"11":{"name":"(anonymous_11)","decl":{"start":{"line":78,"column":15},"end":{"line":78,"column":16}},"loc":{"start":{"line":78,"column":22},"end":{"line":80,"column":9}},"line":78}},"branchMap":{"0":{"loc":{"start":{"line":8,"column":12},"end":{"line":15,"column":13}},"type":"if","locations":[{"start":{"line":8,"column":12},"end":{"line":15,"column":13}},{"start":{"line":8,"column":12},"end":{"line":15,"column":13}}],"line":8},"1":{"loc":{"start":{"line":27,"column":12},"end":{"line":34,"column":13}},"type":"if","locations":[{"start":{"line":27,"column":12},"end":{"line":34,"column":13}},{"start":{"line":27,"column":12},"end":{"line":34,"column":13}}],"line":27},"2":{"loc":{"start":{"line":47,"column":12},"end":{"line":54,"column":13}},"type":"if","locations":[{"start":{"line":47,"column":12},"end":{"line":54,"column":13}},{"start":{"line":47,"column":12},"end":{"line":54,"column":13}}],"line":47},"3":{"loc":{"start":{"line":69,"column":12},"end":{"line":76,"column":13}},"type":"if","locations":[{"start":{"line":69,"column":12},"end":{"line":76,"column":13}},{"start":{"line":69,"column":12},"end":{"line":76,"column":13}}],"line":69}},"s":{"0":1,"1":1,"2":0,"3":0,"4":0,"5":0,"6":0,"7":0,"8":0,"9":0,"10":0,"11":0,"12":0,"13":0,"14":0,"15":0,"16":0,"17":0,"18":0,"19":0,"20":0,"21":0,"22":1},"f":{"0":0,"1":0,"2":0,"3":0,"4":0,"5":0,"6":0,"7":0,"8":0,"9":0,"10":0,"11":0},"b":{"0":[0,0],"1":[0,0],"2":[0,0],"3":[0,0]},"_coverageSchema":"1a1c01bbd47fc00a2c39e90264f33305004495a9","hash":"6b4e4d1c8b01a404aad287916f490c9ba3b3d620"}
,"/Users/kirwanmolek/Documents/Hacktiv8/js-phase3/Splitter/Server/helpers/bcrypt.js": {"path":"/Users/kirwanmolek/Documents/Hacktiv8/js-phase3/Splitter/Server/helpers/bcrypt.js","statementMap":{"0":{"start":{"line":1,"column":15},"end":{"line":1,"column":32}},"1":{"start":{"line":2,"column":19},"end":{"line":2,"column":20}},"2":{"start":{"line":4,"column":0},"end":{"line":12,"column":1}},"3":{"start":{"line":6,"column":8},"end":{"line":6,"column":53}},"4":{"start":{"line":10,"column":8},"end":{"line":10,"column":50}}},"fnMap":{"0":{"name":"(anonymous_0)","decl":{"start":{"line":5,"column":4},"end":{"line":5,"column":5}},"loc":{"start":{"line":5,"column":27},"end":{"line":7,"column":5}},"line":5},"1":{"name":"(anonymous_1)","decl":{"start":{"line":9,"column":4},"end":{"line":9,"column":5}},"loc":{"start":{"line":9,"column":32},"end":{"line":11,"column":5}},"line":9}},"branchMap":{},"s":{"0":1,"1":1,"2":1,"3":2,"4":2},"f":{"0":2,"1":2},"b":{},"_coverageSchema":"1a1c01bbd47fc00a2c39e90264f33305004495a9","hash":"2a1d7e57c13e017e10e2bdca9445e3374e6cbfee"}
,"/Users/kirwanmolek/Documents/Hacktiv8/js-phase3/Splitter/Server/middlewares/authentication.js": {"path":"/Users/kirwanmolek/Documents/Hacktiv8/js-phase3/Splitter/Server/middlewares/authentication.js","statementMap":{"0":{"start":{"line":1,"column":24},"end":{"line":1,"column":40}},"1":{"start":{"line":2,"column":13},"end":{"line":2,"column":38}},"2":{"start":{"line":5,"column":2},"end":{"line":22,"column":3}},"3":{"start":{"line":6,"column":6},"end":{"line":19,"column":7}},"4":{"start":{"line":7,"column":8},"end":{"line":7,"column":58}},"5":{"start":{"line":8,"column":8},"end":{"line":16,"column":23}},"6":{"start":{"line":10,"column":12},"end":{"line":14,"column":13}},"7":{"start":{"line":11,"column":14},"end":{"line":11,"column":21}},"8":{"start":{"line":13,"column":14},"end":{"line":13,"column":63}},"9":{"start":{"line":18,"column":8},"end":{"line":18,"column":18}},"10":{"start":{"line":21,"column":6},"end":{"line":21,"column":61}},"11":{"start":{"line":25,"column":0},"end":{"line":27,"column":1}}},"fnMap":{"0":{"name":"authentication","decl":{"start":{"line":4,"column":9},"end":{"line":4,"column":23}},"loc":{"start":{"line":4,"column":40},"end":{"line":23,"column":1}},"line":4},"1":{"name":"(anonymous_1)","decl":{"start":{"line":9,"column":16},"end":{"line":9,"column":17}},"loc":{"start":{"line":9,"column":24},"end":{"line":15,"column":11}},"line":9}},"branchMap":{"0":{"loc":{"start":{"line":5,"column":2},"end":{"line":22,"column":3}},"type":"if","locations":[{"start":{"line":5,"column":2},"end":{"line":22,"column":3}},{"start":{"line":5,"column":2},"end":{"line":22,"column":3}}],"line":5},"1":{"loc":{"start":{"line":10,"column":12},"end":{"line":14,"column":13}},"type":"if","locations":[{"start":{"line":10,"column":12},"end":{"line":14,"column":13}},{"start":{"line":10,"column":12},"end":{"line":14,"column":13}}],"line":10}},"s":{"0":1,"1":1,"2":12,"3":11,"4":11,"5":10,"6":10,"7":9,"8":1,"9":1,"10":1,"11":1},"f":{"0":12,"1":10},"b":{"0":[11,1],"1":[9,1]},"_coverageSchema":"1a1c01bbd47fc00a2c39e90264f33305004495a9","hash":"c9123a5270efb1ef42d395b8d72737b4f00094c8"}
,"/Users/kirwanmolek/Documents/Hacktiv8/js-phase3/Splitter/Server/middlewares/authorizationUserId.js": {"path":"/Users/kirwanmolek/Documents/Hacktiv8/js-phase3/Splitter/Server/middlewares/authorizationUserId.js","statementMap":{"0":{"start":{"line":1,"column":13},"end":{"line":1,"column":38}},"1":{"start":{"line":4,"column":17},"end":{"line":4,"column":37}},"2":{"start":{"line":5,"column":4},"end":{"line":17,"column":16}},"3":{"start":{"line":7,"column":8},"end":{"line":15,"column":9}},"4":{"start":{"line":8,"column":12},"end":{"line":12,"column":13}},"5":{"start":{"line":9,"column":16},"end":{"line":9,"column":23}},"6":{"start":{"line":11,"column":16},"end":{"line":11,"column":61}},"7":{"start":{"line":14,"column":12},"end":{"line":14,"column":60}},"8":{"start":{"line":20,"column":0},"end":{"line":22,"column":1}}},"fnMap":{"0":{"name":"authorizationUserId","decl":{"start":{"line":3,"column":9},"end":{"line":3,"column":28}},"loc":{"start":{"line":3,"column":45},"end":{"line":18,"column":1}},"line":3},"1":{"name":"(anonymous_1)","decl":{"start":{"line":6,"column":10},"end":{"line":6,"column":11}},"loc":{"start":{"line":6,"column":18},"end":{"line":16,"column":5}},"line":6}},"branchMap":{"0":{"loc":{"start":{"line":7,"column":8},"end":{"line":15,"column":9}},"type":"if","locations":[{"start":{"line":7,"column":8},"end":{"line":15,"column":9}},{"start":{"line":7,"column":8},"end":{"line":15,"column":9}}],"line":7},"1":{"loc":{"start":{"line":8,"column":12},"end":{"line":12,"column":13}},"type":"if","locations":[{"start":{"line":8,"column":12},"end":{"line":12,"column":13}},{"start":{"line":8,"column":12},"end":{"line":12,"column":13}}],"line":8}},"s":{"0":1,"1":4,"2":4,"3":4,"4":3,"5":2,"6":1,"7":1,"8":1},"f":{"0":4,"1":4},"b":{"0":[3,1],"1":[2,1]},"_coverageSchema":"1a1c01bbd47fc00a2c39e90264f33305004495a9","hash":"6f98a89c914a27c3b6352dd81bfa618d3a7eea76"}
,"/Users/kirwanmolek/Documents/Hacktiv8/js-phase3/Splitter/Server/middlewares/authorizationUserName.js": {"path":"/Users/kirwanmolek/Documents/Hacktiv8/js-phase3/Splitter/Server/middlewares/authorizationUserName.js","statementMap":{"0":{"start":{"line":1,"column":13},"end":{"line":1,"column":38}},"1":{"start":{"line":4,"column":17},"end":{"line":4,"column":37}},"2":{"start":{"line":5,"column":4},"end":{"line":17,"column":16}},"3":{"start":{"line":7,"column":8},"end":{"line":15,"column":9}},"4":{"start":{"line":8,"column":12},"end":{"line":12,"column":13}},"5":{"start":{"line":9,"column":16},"end":{"line":9,"column":23}},"6":{"start":{"line":11,"column":16},"end":{"line":11,"column":61}},"7":{"start":{"line":14,"column":12},"end":{"line":14,"column":60}},"8":{"start":{"line":20,"column":0},"end":{"line":22,"column":1}}},"fnMap":{"0":{"name":"authorizationUserName","decl":{"start":{"line":3,"column":9},"end":{"line":3,"column":30}},"loc":{"start":{"line":3,"column":47},"end":{"line":18,"column":1}},"line":3},"1":{"name":"(anonymous_1)","decl":{"start":{"line":6,"column":10},"end":{"line":6,"column":11}},"loc":{"start":{"line":6,"column":18},"end":{"line":16,"column":5}},"line":6}},"branchMap":{"0":{"loc":{"start":{"line":7,"column":8},"end":{"line":15,"column":9}},"type":"if","locations":[{"start":{"line":7,"column":8},"end":{"line":15,"column":9}},{"start":{"line":7,"column":8},"end":{"line":15,"column":9}}],"line":7},"1":{"loc":{"start":{"line":8,"column":12},"end":{"line":12,"column":13}},"type":"if","locations":[{"start":{"line":8,"column":12},"end":{"line":12,"column":13}},{"start":{"line":8,"column":12},"end":{"line":12,"column":13}}],"line":8}},"s":{"0":1,"1":3,"2":3,"3":3,"4":2,"5":1,"6":1,"7":1,"8":1},"f":{"0":3,"1":3},"b":{"0":[2,1],"1":[1,1]},"_coverageSchema":"1a1c01bbd47fc00a2c39e90264f33305004495a9","hash":"95aea460963a6ac01b6cf7a9a2c7f650a35250d2"}
,"/Users/kirwanmolek/Documents/Hacktiv8/js-phase3/Splitter/Server/middlewares/errorHandler.js": {"path":"/Users/kirwanmolek/Documents/Hacktiv8/js-phase3/Splitter/Server/middlewares/errorHandler.js","statementMap":{"0":{"start":{"line":1,"column":0},"end":{"line":15,"column":1}},"1":{"start":{"line":2,"column":17},"end":{"line":2,"column":21}},"2":{"start":{"line":3,"column":18},"end":{"line":3,"column":22}},"3":{"start":{"line":5,"column":4},"end":{"line":11,"column":5}},"4":{"start":{"line":6,"column":8},"end":{"line":6,"column":21}},"5":{"start":{"line":7,"column":8},"end":{"line":7,"column":40}},"6":{"start":{"line":9,"column":8},"end":{"line":9,"column":37}},"7":{"start":{"line":10,"column":8},"end":{"line":10,"column":59}},"8":{"start":{"line":14,"column":4},"end":{"line":14,"column":40}}},"fnMap":{"0":{"name":"(anonymous_0)","decl":{"start":{"line":1,"column":17},"end":{"line":1,"column":18}},"loc":{"start":{"line":1,"column":50},"end":{"line":15,"column":1}},"line":1}},"branchMap":{"0":{"loc":{"start":{"line":5,"column":4},"end":{"line":11,"column":5}},"type":"if","locations":[{"start":{"line":5,"column":4},"end":{"line":11,"column":5}},{"start":{"line":5,"column":4},"end":{"line":11,"column":5}}],"line":5},"1":{"loc":{"start":{"line":9,"column":17},"end":{"line":9,"column":36}},"type":"binary-expr","locations":[{"start":{"line":9,"column":17},"end":{"line":9,"column":29}},{"start":{"line":9,"column":33},"end":{"line":9,"column":36}}],"line":9},"2":{"loc":{"start":{"line":10,"column":18},"end":{"line":10,"column":58}},"type":"binary-expr","locations":[{"start":{"line":10,"column":18},"end":{"line":10,"column":31}},{"start":{"line":10,"column":35},"end":{"line":10,"column":58}}],"line":10}},"s":{"0":1,"1":11,"2":11,"3":11,"4":1,"5":1,"6":10,"7":10,"8":11},"f":{"0":11},"b":{"0":[1,10],"1":[10,0],"2":[10,0]},"_coverageSchema":"1a1c01bbd47fc00a2c39e90264f33305004495a9","hash":"85de5e472cc10b9beb770e8d48d303827ce97423"}
,"/Users/kirwanmolek/Documents/Hacktiv8/js-phase3/Splitter/Server/middlewares/jwt.js": {"path":"/Users/kirwanmolek/Documents/Hacktiv8/js-phase3/Splitter/Server/middlewares/jwt.js","statementMap":{"0":{"start":{"line":1,"column":12},"end":{"line":1,"column":35}},"1":{"start":{"line":3,"column":0},"end":{"line":11,"column":1}},"2":{"start":{"line":5,"column":8},"end":{"line":5,"column":57}},"3":{"start":{"line":9,"column":8},"end":{"line":9,"column":57}}},"fnMap":{"0":{"name":"(anonymous_0)","decl":{"start":{"line":4,"column":4},"end":{"line":4,"column":5}},"loc":{"start":{"line":4,"column":27},"end":{"line":6,"column":5}},"line":4},"1":{"name":"(anonymous_1)","decl":{"start":{"line":8,"column":4},"end":{"line":8,"column":5}},"loc":{"start":{"line":8,"column":23},"end":{"line":10,"column":5}},"line":8}},"branchMap":{},"s":{"0":1,"1":1,"2":3,"3":11},"f":{"0":3,"1":11},"b":{},"_coverageSchema":"1a1c01bbd47fc00a2c39e90264f33305004495a9","hash":"786056a5b7717e73b19216e74cb3625c7830d3a5"}
,"/Users/kirwanmolek/Documents/Hacktiv8/js-phase3/Splitter/Server/middlewares/unggah.js": {"path":"/Users/kirwanmolek/Documents/Hacktiv8/js-phase3/Splitter/Server/middlewares/unggah.js","statementMap":{"0":{"start":{"line":1,"column":15},"end":{"line":1,"column":32}},"1":{"start":{"line":2,"column":16},"end":{"line":10,"column":2}},"2":{"start":{"line":8,"column":6},"end":{"line":8,"column":49}},"3":{"start":{"line":11,"column":15},"end":{"line":13,"column":2}},"4":{"start":{"line":14,"column":0},"end":{"line":14,"column":23}}},"fnMap":{"0":{"name":"(anonymous_0)","decl":{"start":{"line":7,"column":12},"end":{"line":7,"column":13}},"loc":{"start":{"line":7,"column":27},"end":{"line":9,"column":5}},"line":7}},"branchMap":{},"s":{"0":1,"1":1,"2":0,"3":1,"4":1},"f":{"0":0},"b":{},"_coverageSchema":"1a1c01bbd47fc00a2c39e90264f33305004495a9","hash":"13d7f80d8037afed0fe8b1b6288c575840d6881c"}
,"/Users/kirwanmolek/Documents/Hacktiv8/js-phase3/Splitter/Server/models/event.js": {"path":"/Users/kirwanmolek/Documents/Hacktiv8/js-phase3/Splitter/Server/models/event.js","statementMap":{"0":{"start":{"line":1,"column":17},"end":{"line":1,"column":36}},"1":{"start":{"line":2,"column":17},"end":{"line":2,"column":32}},"2":{"start":{"line":4,"column":20},"end":{"line":21,"column":2}},"3":{"start":{"line":23,"column":0},"end":{"line":23,"column":54}}},"fnMap":{},"branchMap":{},"s":{"0":1,"1":1,"2":1,"3":1},"f":{},"b":{},"_coverageSchema":"1a1c01bbd47fc00a2c39e90264f33305004495a9","hash":"d193b5722d8888b1bdf1ec7c5e04b95f85783e4b"}
,"/Users/kirwanmolek/Documents/Hacktiv8/js-phase3/Splitter/Server/models/transaction.js": {"path":"/Users/kirwanmolek/Documents/Hacktiv8/js-phase3/Splitter/Server/models/transaction.js","statementMap":{"0":{"start":{"line":1,"column":17},"end":{"line":1,"column":36}},"1":{"start":{"line":2,"column":19},"end":{"line":2,"column":27}},"2":{"start":{"line":4,"column":27},"end":{"line":46,"column":2}},"3":{"start":{"line":48,"column":21},"end":{"line":48,"column":71}},"4":{"start":{"line":50,"column":0},"end":{"line":50,"column":29}}},"fnMap":{},"branchMap":{},"s":{"0":1,"1":1,"2":1,"3":1,"4":1},"f":{},"b":{},"_coverageSchema":"1a1c01bbd47fc00a2c39e90264f33305004495a9","hash":"d1d79f236aeeacd1be2ae7e934bb5bf41fd8f7f5"}
,"/Users/kirwanmolek/Documents/Hacktiv8/js-phase3/Splitter/Server/models/user.js": {"path":"/Users/kirwanmolek/Documents/Hacktiv8/js-phase3/Splitter/Server/models/user.js","statementMap":{"0":{"start":{"line":1,"column":17},"end":{"line":1,"column":36}},"1":{"start":{"line":2,"column":15},"end":{"line":2,"column":43}},"2":{"start":{"line":3,"column":15},"end":{"line":3,"column":30}},"3":{"start":{"line":5,"column":19},"end":{"line":79,"column":2}},"4":{"start":{"line":16,"column":16},"end":{"line":28,"column":19}},"5":{"start":{"line":20,"column":20},"end":{"line":24,"column":21}},"6":{"start":{"line":21,"column":24},"end":{"line":21,"column":37}},"7":{"start":{"line":23,"column":24},"end":{"line":23,"column":36}},"8":{"start":{"line":27,"column":20},"end":{"line":27,"column":58}},"9":{"start":{"line":38,"column":16},"end":{"line":50,"column":19}},"10":{"start":{"line":42,"column":20},"end":{"line":46,"column":21}},"11":{"start":{"line":43,"column":24},"end":{"line":43,"column":37}},"12":{"start":{"line":45,"column":24},"end":{"line":45,"column":36}},"13":{"start":{"line":49,"column":20},"end":{"line":49,"column":58}},"14":{"start":{"line":81,"column":0},"end":{"line":84,"column":3}},"15":{"start":{"line":82,"column":4},"end":{"line":82,"column":55}},"16":{"start":{"line":83,"column":4},"end":{"line":83,"column":11}},"17":{"start":{"line":86,"column":13},"end":{"line":86,"column":47}},"18":{"start":{"line":88,"column":0},"end":{"line":88,"column":22}}},"fnMap":{"0":{"name":"(anonymous_0)","decl":{"start":{"line":15,"column":23},"end":{"line":15,"column":24}},"loc":{"start":{"line":15,"column":39},"end":{"line":29,"column":13}},"line":15},"1":{"name":"(anonymous_1)","decl":{"start":{"line":19,"column":22},"end":{"line":19,"column":23}},"loc":{"start":{"line":19,"column":32},"end":{"line":25,"column":17}},"line":19},"2":{"name":"(anonymous_2)","decl":{"start":{"line":26,"column":23},"end":{"line":26,"column":24}},"loc":{"start":{"line":26,"column":30},"end":{"line":28,"column":17}},"line":26},"3":{"name":"(anonymous_3)","decl":{"start":{"line":37,"column":23},"end":{"line":37,"column":24}},"loc":{"start":{"line":37,"column":42},"end":{"line":51,"column":13}},"line":37},"4":{"name":"(anonymous_4)","decl":{"start":{"line":41,"column":22},"end":{"line":41,"column":23}},"loc":{"start":{"line":41,"column":32},"end":{"line":47,"column":17}},"line":41},"5":{"name":"(anonymous_5)","decl":{"start":{"line":48,"column":23},"end":{"line":48,"column":24}},"loc":{"start":{"line":48,"column":30},"end":{"line":50,"column":17}},"line":48},"6":{"name":"(anonymous_6)","decl":{"start":{"line":81,"column":23},"end":{"line":81,"column":24}},"loc":{"start":{"line":81,"column":38},"end":{"line":84,"column":1}},"line":81}},"branchMap":{"0":{"loc":{"start":{"line":20,"column":20},"end":{"line":24,"column":21}},"type":"if","locations":[{"start":{"line":20,"column":20},"end":{"line":24,"column":21}},{"start":{"line":20,"column":20},"end":{"line":24,"column":21}}],"line":20},"1":{"loc":{"start":{"line":42,"column":20},"end":{"line":46,"column":21}},"type":"if","locations":[{"start":{"line":42,"column":20},"end":{"line":46,"column":21}},{"start":{"line":42,"column":20},"end":{"line":46,"column":21}}],"line":42}},"s":{"0":1,"1":1,"2":1,"3":1,"4":3,"5":3,"6":1,"7":2,"8":0,"9":3,"10":3,"11":1,"12":2,"13":0,"14":1,"15":2,"16":2,"17":1,"18":1},"f":{"0":3,"1":3,"2":0,"3":3,"4":3,"5":0,"6":2},"b":{"0":[1,2],"1":[1,2]},"_coverageSchema":"1a1c01bbd47fc00a2c39e90264f33305004495a9","hash":"9a949ced476afe26ee7a3aa8ae646229d2e43583"}
,"/Users/kirwanmolek/Documents/Hacktiv8/js-phase3/Splitter/Server/routes/UserRouter.js": {"path":"/Users/kirwanmolek/Documents/Hacktiv8/js-phase3/Splitter/Server/routes/UserRouter.js","statementMap":{"0":{"start":{"line":1,"column":14},"end":{"line":1,"column":41}},"1":{"start":{"line":2,"column":23},"end":{"line":2,"column":63}},"2":{"start":{"line":3,"column":28},"end":{"line":3,"column":68}},"3":{"start":{"line":4,"column":32},"end":{"line":4,"column":77}},"4":{"start":{"line":5,"column":34},"end":{"line":5,"column":81}},"5":{"start":{"line":6,"column":15},"end":{"line":6,"column":47}},"6":{"start":{"line":8,"column":0},"end":{"line":8,"column":42}},"7":{"start":{"line":9,"column":0},"end":{"line":9,"column":76}},"8":{"start":{"line":11,"column":0},"end":{"line":11,"column":25}},"9":{"start":{"line":12,"column":0},"end":{"line":12,"column":64}},"10":{"start":{"line":13,"column":0},"end":{"line":13,"column":91}},"11":{"start":{"line":14,"column":0},"end":{"line":14,"column":87}},"12":{"start":{"line":15,"column":0},"end":{"line":15,"column":55}},"13":{"start":{"line":16,"column":0},"end":{"line":16,"column":69}},"14":{"start":{"line":17,"column":0},"end":{"line":17,"column":53}},"15":{"start":{"line":18,"column":0},"end":{"line":18,"column":66}},"16":{"start":{"line":20,"column":0},"end":{"line":20,"column":22}}},"fnMap":{},"branchMap":{},"s":{"0":1,"1":1,"2":1,"3":1,"4":1,"5":1,"6":1,"7":1,"8":1,"9":1,"10":1,"11":1,"12":1,"13":1,"14":1,"15":1,"16":1},"f":{},"b":{},"_coverageSchema":"1a1c01bbd47fc00a2c39e90264f33305004495a9","hash":"c3ad182dfa4d8f39663ac063058dc11b02cb5abf"}
,"/Users/kirwanmolek/Documents/Hacktiv8/js-phase3/Splitter/Server/routes/event.js": {"path":"/Users/kirwanmolek/Documents/Hacktiv8/js-phase3/Splitter/Server/routes/event.js","statementMap":{"0":{"start":{"line":1,"column":26},"end":{"line":1,"column":53}},"1":{"start":{"line":2,"column":26},"end":{"line":2,"column":67}},"2":{"start":{"line":4,"column":0},"end":{"line":4,"column":43}},"3":{"start":{"line":5,"column":0},"end":{"line":5,"column":49}},"4":{"start":{"line":6,"column":0},"end":{"line":6,"column":42}},"5":{"start":{"line":7,"column":0},"end":{"line":7,"column":47}},"6":{"start":{"line":8,"column":0},"end":{"line":8,"column":50}},"7":{"start":{"line":10,"column":0},"end":{"line":10,"column":22}}},"fnMap":{},"branchMap":{},"s":{"0":1,"1":1,"2":1,"3":1,"4":1,"5":1,"6":1,"7":1},"f":{},"b":{},"_coverageSchema":"1a1c01bbd47fc00a2c39e90264f33305004495a9","hash":"54020272c276ee4c6324ce390db9581c71506d85"}
,"/Users/kirwanmolek/Documents/Hacktiv8/js-phase3/Splitter/Server/routes/index.js": {"path":"/Users/kirwanmolek/Documents/Hacktiv8/js-phase3/Splitter/Server/routes/index.js","statementMap":{"0":{"start":{"line":1,"column":14},"end":{"line":1,"column":41}},"1":{"start":{"line":2,"column":19},"end":{"line":2,"column":42}},"2":{"start":{"line":3,"column":21},"end":{"line":3,"column":46}},"3":{"start":{"line":4,"column":19},"end":{"line":4,"column":37}},"4":{"start":{"line":6,"column":0},"end":{"line":6,"column":31}},"5":{"start":{"line":7,"column":0},"end":{"line":7,"column":40}},"6":{"start":{"line":8,"column":0},"end":{"line":8,"column":32}},"7":{"start":{"line":10,"column":0},"end":{"line":10,"column":22}}},"fnMap":{},"branchMap":{},"s":{"0":1,"1":1,"2":1,"3":1,"4":1,"5":1,"6":1,"7":1},"f":{},"b":{},"_coverageSchema":"1a1c01bbd47fc00a2c39e90264f33305004495a9","hash":"29f627c6321b37bdf865a4f6df31e2d1a8a3792a"}
,"/Users/kirwanmolek/Documents/Hacktiv8/js-phase3/Splitter/Server/routes/transactions.js": {"path":"/Users/kirwanmolek/Documents/Hacktiv8/js-phase3/Splitter/Server/routes/transactions.js","statementMap":{"0":{"start":{"line":1,"column":14},"end":{"line":1,"column":41}},"1":{"start":{"line":2,"column":30},"end":{"line":2,"column":77}},"2":{"start":{"line":4,"column":0},"end":{"line":4,"column":71}},"3":{"start":{"line":6,"column":0},"end":{"line":6,"column":74}},"4":{"start":{"line":8,"column":0},"end":{"line":8,"column":68}},"5":{"start":{"line":10,"column":0},"end":{"line":10,"column":71}},"6":{"start":{"line":12,"column":0},"end":{"line":12,"column":22}}},"fnMap":{},"branchMap":{},"s":{"0":1,"1":1,"2":1,"3":1,"4":1,"5":1,"6":1},"f":{},"b":{},"_coverageSchema":"1a1c01bbd47fc00a2c39e90264f33305004495a9","hash":"69fa55a80490c2ce376755360e609bda51883102"}
}
