{"/Users/kirwanmolek/Documents/Hacktiv8/js-phase3/Splitter/Server/app.js": {"path":"/Users/kirwanmolek/Documents/Hacktiv8/js-phase3/Splitter/Server/app.js","statementMap":{"0":{"start":{"line":1,"column":0},"end":{"line":3,"column":1}},"1":{"start":{"line":2,"column":4},"end":{"line":2,"column":30}},"2":{"start":{"line":5,"column":16},"end":{"line":5,"column":34}},"3":{"start":{"line":6,"column":12},"end":{"line":6,"column":21}},"4":{"start":{"line":7,"column":15},"end":{"line":7,"column":34}},"5":{"start":{"line":8,"column":13},"end":{"line":8,"column":28}},"6":{"start":{"line":9,"column":21},"end":{"line":9,"column":58}},"7":{"start":{"line":10,"column":17},"end":{"line":10,"column":36}},"8":{"start":{"line":11,"column":16},"end":{"line":11,"column":71}},"9":{"start":{"line":14,"column":0},"end":{"line":16,"column":1}},"10":{"start":{"line":15,"column":4},"end":{"line":15,"column":47}},"11":{"start":{"line":18,"column":0},"end":{"line":24,"column":2}},"12":{"start":{"line":20,"column":4},"end":{"line":20,"column":60}},"13":{"start":{"line":23,"column":4},"end":{"line":23,"column":20}},"14":{"start":{"line":26,"column":0},"end":{"line":31,"column":22}},"15":{"start":{"line":33,"column":0},"end":{"line":33,"column":20}}},"fnMap":{"0":{"name":"(anonymous_0)","decl":{"start":{"line":19,"column":6},"end":{"line":19,"column":7}},"loc":{"start":{"line":19,"column":17},"end":{"line":21,"column":1}},"line":19},"1":{"name":"(anonymous_1)","decl":{"start":{"line":22,"column":7},"end":{"line":22,"column":8}},"loc":{"start":{"line":22,"column":14},"end":{"line":24,"column":1}},"line":22}},"branchMap":{"0":{"loc":{"start":{"line":1,"column":0},"end":{"line":3,"column":1}},"type":"if","locations":[{"start":{"line":1,"column":0},"end":{"line":3,"column":1}},{"start":{"line":1,"column":0},"end":{"line":3,"column":1}}],"line":1},"1":{"loc":{"start":{"line":1,"column":3},"end":{"line":1,"column":74}},"type":"binary-expr","locations":[{"start":{"line":1,"column":3},"end":{"line":1,"column":40}},{"start":{"line":1,"column":44},"end":{"line":1,"column":74}}],"line":1},"2":{"loc":{"start":{"line":11,"column":16},"end":{"line":11,"column":71}},"type":"binary-expr","locations":[{"start":{"line":11,"column":16},"end":{"line":11,"column":39}},{"start":{"line":11,"column":43},"end":{"line":11,"column":71}}],"line":11},"3":{"loc":{"start":{"line":14,"column":0},"end":{"line":16,"column":1}},"type":"if","locations":[{"start":{"line":14,"column":0},"end":{"line":16,"column":1}},{"start":{"line":14,"column":0},"end":{"line":16,"column":1}}],"line":14},"4":{"loc":{"start":{"line":14,"column":4},"end":{"line":14,"column":75}},"type":"binary-expr","locations":[{"start":{"line":14,"column":4},"end":{"line":14,"column":41}},{"start":{"line":14,"column":45},"end":{"line":14,"column":75}}],"line":14}},"s":{"0":1,"1":1,"2":1,"3":1,"4":1,"5":1,"6":1,"7":1,"8":1,"9":1,"10":1,"11":1,"12":1,"13":0,"14":1,"15":1},"f":{"0":1,"1":0},"b":{"0":[1,0],"1":[1,1],"2":[1,1],"3":[1,0],"4":[1,1]},"_coverageSchema":"1a1c01bbd47fc00a2c39e90264f33305004495a9","hash":"d652ffc37b432ba31985ff8396c9e272483529ca"}
,"/Users/kirwanmolek/Documents/Hacktiv8/js-phase3/Splitter/Server/controllers/EventController.js": {"path":"/Users/kirwanmolek/Documents/Hacktiv8/js-phase3/Splitter/Server/controllers/EventController.js","statementMap":{"0":{"start":{"line":1,"column":18},"end":{"line":1,"column":44}},"1":{"start":{"line":2,"column":18},"end":{"line":2,"column":37}},"2":{"start":{"line":3,"column":18},"end":{"line":3,"column":41}},"3":{"start":{"line":7,"column":8},"end":{"line":15,"column":15}},"4":{"start":{"line":9,"column":16},"end":{"line":11,"column":19}},"5":{"start":{"line":14,"column":16},"end":{"line":14,"column":26}},"6":{"start":{"line":19,"column":8},"end":{"line":27,"column":15}},"7":{"start":{"line":21,"column":16},"end":{"line":23,"column":19}},"8":{"start":{"line":26,"column":16},"end":{"line":26,"column":25}},"9":{"start":{"line":31,"column":72},"end":{"line":31,"column":80}},"10":{"start":{"line":32,"column":22},"end":{"line":32,"column":88}},"11":{"start":{"line":33,"column":8},"end":{"line":41,"column":15}},"12":{"start":{"line":35,"column":16},"end":{"line":37,"column":19}},"13":{"start":{"line":40,"column":16},"end":{"line":40,"column":25}},"14":{"start":{"line":45,"column":72},"end":{"line":45,"column":80}},"15":{"start":{"line":47,"column":8},"end":{"line":55,"column":15}},"16":{"start":{"line":49,"column":16},"end":{"line":51,"column":19}},"17":{"start":{"line":54,"column":16},"end":{"line":54,"column":26}},"18":{"start":{"line":59,"column":8},"end":{"line":65,"column":15}},"19":{"start":{"line":61,"column":16},"end":{"line":61,"column":50}},"20":{"start":{"line":64,"column":16},"end":{"line":64,"column":26}},"21":{"start":{"line":69,"column":0},"end":{"line":69,"column":33}}},"fnMap":{"0":{"name":"(anonymous_0)","decl":{"start":{"line":6,"column":4},"end":{"line":6,"column":5}},"loc":{"start":{"line":6,"column":38},"end":{"line":16,"column":5}},"line":6},"1":{"name":"(anonymous_1)","decl":{"start":{"line":8,"column":18},"end":{"line":8,"column":19}},"loc":{"start":{"line":8,"column":28},"end":{"line":12,"column":13}},"line":8},"2":{"name":"(anonymous_2)","decl":{"start":{"line":13,"column":19},"end":{"line":13,"column":20}},"loc":{"start":{"line":13,"column":26},"end":{"line":15,"column":13}},"line":13},"3":{"name":"(anonymous_3)","decl":{"start":{"line":18,"column":4},"end":{"line":18,"column":5}},"loc":{"start":{"line":18,"column":41},"end":{"line":28,"column":5}},"line":18},"4":{"name":"(anonymous_4)","decl":{"start":{"line":20,"column":18},"end":{"line":20,"column":19}},"loc":{"start":{"line":20,"column":27},"end":{"line":24,"column":13}},"line":20},"5":{"name":"(anonymous_5)","decl":{"start":{"line":25,"column":19},"end":{"line":25,"column":20}},"loc":{"start":{"line":25,"column":26},"end":{"line":27,"column":13}},"line":25},"6":{"name":"(anonymous_6)","decl":{"start":{"line":30,"column":4},"end":{"line":30,"column":5}},"loc":{"start":{"line":30,"column":36},"end":{"line":42,"column":5}},"line":30},"7":{"name":"(anonymous_7)","decl":{"start":{"line":34,"column":18},"end":{"line":34,"column":19}},"loc":{"start":{"line":34,"column":24},"end":{"line":38,"column":13}},"line":34},"8":{"name":"(anonymous_8)","decl":{"start":{"line":39,"column":19},"end":{"line":39,"column":20}},"loc":{"start":{"line":39,"column":26},"end":{"line":41,"column":13}},"line":39},"9":{"name":"(anonymous_9)","decl":{"start":{"line":44,"column":4},"end":{"line":44,"column":5}},"loc":{"start":{"line":44,"column":39},"end":{"line":56,"column":5}},"line":44},"10":{"name":"(anonymous_10)","decl":{"start":{"line":48,"column":18},"end":{"line":48,"column":19}},"loc":{"start":{"line":48,"column":31},"end":{"line":52,"column":13}},"line":48},"11":{"name":"(anonymous_11)","decl":{"start":{"line":53,"column":19},"end":{"line":53,"column":20}},"loc":{"start":{"line":53,"column":26},"end":{"line":55,"column":13}},"line":53},"12":{"name":"(anonymous_12)","decl":{"start":{"line":58,"column":4},"end":{"line":58,"column":5}},"loc":{"start":{"line":58,"column":39},"end":{"line":66,"column":5}},"line":58},"13":{"name":"(anonymous_13)","decl":{"start":{"line":60,"column":18},"end":{"line":60,"column":19}},"loc":{"start":{"line":60,"column":31},"end":{"line":62,"column":13}},"line":60},"14":{"name":"(anonymous_14)","decl":{"start":{"line":63,"column":19},"end":{"line":63,"column":20}},"loc":{"start":{"line":63,"column":26},"end":{"line":65,"column":13}},"line":63}},"branchMap":{},"s":{"0":1,"1":1,"2":1,"3":0,"4":0,"5":0,"6":0,"7":0,"8":0,"9":0,"10":0,"11":0,"12":0,"13":0,"14":0,"15":0,"16":0,"17":0,"18":0,"19":0,"20":0,"21":1},"f":{"0":0,"1":0,"2":0,"3":0,"4":0,"5":0,"6":0,"7":0,"8":0,"9":0,"10":0,"11":0,"12":0,"13":0,"14":0},"b":{},"_coverageSchema":"1a1c01bbd47fc00a2c39e90264f33305004495a9","hash":"486e5537c9ad759cbef50e0c69d8e7be032da868"}
,"/Users/kirwanmolek/Documents/Hacktiv8/js-phase3/Splitter/Server/controllers/UserController.js": {"path":"/Users/kirwanmolek/Documents/Hacktiv8/js-phase3/Splitter/Server/controllers/UserController.js","statementMap":{"0":{"start":{"line":1,"column":13},"end":{"line":1,"column":38}},"1":{"start":{"line":2,"column":15},"end":{"line":2,"column":43}},"2":{"start":{"line":3,"column":26},"end":{"line":3,"column":55}},"3":{"start":{"line":7,"column":74},"end":{"line":7,"column":82}},"4":{"start":{"line":8,"column":8},"end":{"line":36,"column":11}},"5":{"start":{"line":17,"column":26},"end":{"line":17,"column":77}},"6":{"start":{"line":18,"column":12},"end":{"line":26,"column":15}},"7":{"start":{"line":35,"column":12},"end":{"line":35,"column":55}},"8":{"start":{"line":40,"column":39},"end":{"line":40,"column":47}},"9":{"start":{"line":41,"column":8},"end":{"line":62,"column":20}},"10":{"start":{"line":43,"column":12},"end":{"line":60,"column":13}},"11":{"start":{"line":44,"column":16},"end":{"line":44,"column":72}},"12":{"start":{"line":46,"column":16},"end":{"line":59,"column":17}},"13":{"start":{"line":47,"column":34},"end":{"line":47,"column":85}},"14":{"start":{"line":48,"column":20},"end":{"line":56,"column":23}},"15":{"start":{"line":58,"column":20},"end":{"line":58,"column":77}},"16":{"start":{"line":66,"column":19},"end":{"line":66,"column":32}},"17":{"start":{"line":67,"column":8},"end":{"line":71,"column":20}},"18":{"start":{"line":69,"column":12},"end":{"line":69,"column":39}},"19":{"start":{"line":75,"column":25},"end":{"line":75,"column":44}},"20":{"start":{"line":76,"column":8},"end":{"line":80,"column":20}},"21":{"start":{"line":78,"column":12},"end":{"line":78,"column":39}},"22":{"start":{"line":84,"column":19},"end":{"line":84,"column":32}},"23":{"start":{"line":85,"column":74},"end":{"line":85,"column":82}},"24":{"start":{"line":86,"column":8},"end":{"line":102,"column":20}},"25":{"start":{"line":100,"column":12},"end":{"line":100,"column":39}},"26":{"start":{"line":107,"column":0},"end":{"line":107,"column":32}}},"fnMap":{"0":{"name":"(anonymous_0)","decl":{"start":{"line":6,"column":4},"end":{"line":6,"column":5}},"loc":{"start":{"line":6,"column":36},"end":{"line":37,"column":5}},"line":6},"1":{"name":"(anonymous_1)","decl":{"start":{"line":16,"column":14},"end":{"line":16,"column":15}},"loc":{"start":{"line":16,"column":22},"end":{"line":27,"column":9}},"line":16},"2":{"name":"(anonymous_2)","decl":{"start":{"line":28,"column":15},"end":{"line":28,"column":16}},"loc":{"start":{"line":28,"column":22},"end":{"line":36,"column":9}},"line":28},"3":{"name":"(anonymous_3)","decl":{"start":{"line":39,"column":4},"end":{"line":39,"column":5}},"loc":{"start":{"line":39,"column":33},"end":{"line":63,"column":5}},"line":39},"4":{"name":"(anonymous_4)","decl":{"start":{"line":42,"column":14},"end":{"line":42,"column":15}},"loc":{"start":{"line":42,"column":22},"end":{"line":61,"column":9}},"line":42},"5":{"name":"(anonymous_5)","decl":{"start":{"line":65,"column":4},"end":{"line":65,"column":5}},"loc":{"start":{"line":65,"column":37},"end":{"line":72,"column":5}},"line":65},"6":{"name":"(anonymous_6)","decl":{"start":{"line":68,"column":14},"end":{"line":68,"column":15}},"loc":{"start":{"line":68,"column":22},"end":{"line":70,"column":9}},"line":68},"7":{"name":"(anonymous_7)","decl":{"start":{"line":74,"column":4},"end":{"line":74,"column":5}},"loc":{"start":{"line":74,"column":43},"end":{"line":81,"column":5}},"line":74},"8":{"name":"(anonymous_8)","decl":{"start":{"line":77,"column":14},"end":{"line":77,"column":15}},"loc":{"start":{"line":77,"column":22},"end":{"line":79,"column":9}},"line":77},"9":{"name":"(anonymous_9)","decl":{"start":{"line":83,"column":4},"end":{"line":83,"column":5}},"loc":{"start":{"line":83,"column":34},"end":{"line":103,"column":5}},"line":83},"10":{"name":"(anonymous_10)","decl":{"start":{"line":99,"column":14},"end":{"line":99,"column":15}},"loc":{"start":{"line":99,"column":22},"end":{"line":101,"column":9}},"line":99}},"branchMap":{"0":{"loc":{"start":{"line":43,"column":12},"end":{"line":60,"column":13}},"type":"if","locations":[{"start":{"line":43,"column":12},"end":{"line":60,"column":13}},{"start":{"line":43,"column":12},"end":{"line":60,"column":13}}],"line":43},"1":{"loc":{"start":{"line":46,"column":16},"end":{"line":59,"column":17}},"type":"if","locations":[{"start":{"line":46,"column":16},"end":{"line":59,"column":17}},{"start":{"line":46,"column":16},"end":{"line":59,"column":17}}],"line":46}},"s":{"0":1,"1":1,"2":1,"3":3,"4":3,"5":2,"6":2,"7":1,"8":3,"9":3,"10":3,"11":1,"12":2,"13":1,"14":1,"15":1,"16":1,"17":1,"18":1,"19":1,"20":1,"21":1,"22":1,"23":1,"24":1,"25":1,"26":1},"f":{"0":3,"1":2,"2":1,"3":3,"4":3,"5":1,"6":1,"7":1,"8":1,"9":1,"10":1},"b":{"0":[1,2],"1":[1,1]},"_coverageSchema":"1a1c01bbd47fc00a2c39e90264f33305004495a9","hash":"5338ab69bb23580655a702609970a4d81fa7bdcc"}
,"/Users/kirwanmolek/Documents/Hacktiv8/js-phase3/Splitter/Server/controllers/transactionController.js": {"path":"/Users/kirwanmolek/Documents/Hacktiv8/js-phase3/Splitter/Server/controllers/transactionController.js","statementMap":{"0":{"start":{"line":1,"column":25},"end":{"line":1,"column":57}},"1":{"start":{"line":2,"column":15},"end":{"line":2,"column":34}},"2":{"start":{"line":6,"column":8},"end":{"line":19,"column":10}},"3":{"start":{"line":8,"column":12},"end":{"line":15,"column":13}},"4":{"start":{"line":9,"column":16},"end":{"line":9,"column":53}},"5":{"start":{"line":11,"column":16},"end":{"line":14,"column":18}},"6":{"start":{"line":18,"column":12},"end":{"line":18,"column":21}},"7":{"start":{"line":23,"column":8},"end":{"line":38,"column":10}},"8":{"start":{"line":27,"column":12},"end":{"line":34,"column":13}},"9":{"start":{"line":28,"column":16},"end":{"line":28,"column":53}},"10":{"start":{"line":30,"column":16},"end":{"line":33,"column":18}},"11":{"start":{"line":37,"column":12},"end":{"line":37,"column":21}},"12":{"start":{"line":43,"column":8},"end":{"line":58,"column":10}},"13":{"start":{"line":47,"column":12},"end":{"line":54,"column":13}},"14":{"start":{"line":48,"column":16},"end":{"line":48,"column":53}},"15":{"start":{"line":50,"column":16},"end":{"line":53,"column":18}},"16":{"start":{"line":57,"column":12},"end":{"line":57,"column":21}},"17":{"start":{"line":62,"column":8},"end":{"line":80,"column":10}},"18":{"start":{"line":69,"column":12},"end":{"line":76,"column":13}},"19":{"start":{"line":70,"column":16},"end":{"line":70,"column":56}},"20":{"start":{"line":72,"column":16},"end":{"line":75,"column":18}},"21":{"start":{"line":79,"column":12},"end":{"line":79,"column":21}},"22":{"start":{"line":85,"column":0},"end":{"line":85,"column":38}}},"fnMap":{"0":{"name":"(anonymous_0)","decl":{"start":{"line":5,"column":4},"end":{"line":5,"column":5}},"loc":{"start":{"line":5,"column":48},"end":{"line":20,"column":5}},"line":5},"1":{"name":"(anonymous_1)","decl":{"start":{"line":7,"column":14},"end":{"line":7,"column":15}},"loc":{"start":{"line":7,"column":33},"end":{"line":16,"column":9}},"line":7},"2":{"name":"(anonymous_2)","decl":{"start":{"line":17,"column":15},"end":{"line":17,"column":16}},"loc":{"start":{"line":17,"column":22},"end":{"line":19,"column":9}},"line":17},"3":{"name":"(anonymous_3)","decl":{"start":{"line":22,"column":4},"end":{"line":22,"column":5}},"loc":{"start":{"line":22,"column":51},"end":{"line":39,"column":5}},"line":22},"4":{"name":"(anonymous_4)","decl":{"start":{"line":26,"column":14},"end":{"line":26,"column":15}},"loc":{"start":{"line":26,"column":33},"end":{"line":35,"column":9}},"line":26},"5":{"name":"(anonymous_5)","decl":{"start":{"line":36,"column":15},"end":{"line":36,"column":16}},"loc":{"start":{"line":36,"column":22},"end":{"line":38,"column":9}},"line":36},"6":{"name":"(anonymous_6)","decl":{"start":{"line":42,"column":4},"end":{"line":42,"column":5}},"loc":{"start":{"line":42,"column":50},"end":{"line":59,"column":5}},"line":42},"7":{"name":"(anonymous_7)","decl":{"start":{"line":46,"column":14},"end":{"line":46,"column":15}},"loc":{"start":{"line":46,"column":33},"end":{"line":55,"column":9}},"line":46},"8":{"name":"(anonymous_8)","decl":{"start":{"line":56,"column":15},"end":{"line":56,"column":16}},"loc":{"start":{"line":56,"column":22},"end":{"line":58,"column":9}},"line":56},"9":{"name":"(anonymous_9)","decl":{"start":{"line":61,"column":4},"end":{"line":61,"column":5}},"loc":{"start":{"line":61,"column":41},"end":{"line":81,"column":5}},"line":61},"10":{"name":"(anonymous_10)","decl":{"start":{"line":68,"column":14},"end":{"line":68,"column":15}},"loc":{"start":{"line":68,"column":36},"end":{"line":77,"column":9}},"line":68},"11":{"name":"(anonymous_11)","decl":{"start":{"line":78,"column":15},"end":{"line":78,"column":16}},"loc":{"start":{"line":78,"column":22},"end":{"line":80,"column":9}},"line":78}},"branchMap":{"0":{"loc":{"start":{"line":8,"column":12},"end":{"line":15,"column":13}},"type":"if","locations":[{"start":{"line":8,"column":12},"end":{"line":15,"column":13}},{"start":{"line":8,"column":12},"end":{"line":15,"column":13}}],"line":8},"1":{"loc":{"start":{"line":27,"column":12},"end":{"line":34,"column":13}},"type":"if","locations":[{"start":{"line":27,"column":12},"end":{"line":34,"column":13}},{"start":{"line":27,"column":12},"end":{"line":34,"column":13}}],"line":27},"2":{"loc":{"start":{"line":47,"column":12},"end":{"line":54,"column":13}},"type":"if","locations":[{"start":{"line":47,"column":12},"end":{"line":54,"column":13}},{"start":{"line":47,"column":12},"end":{"line":54,"column":13}}],"line":47},"3":{"loc":{"start":{"line":69,"column":12},"end":{"line":76,"column":13}},"type":"if","locations":[{"start":{"line":69,"column":12},"end":{"line":76,"column":13}},{"start":{"line":69,"column":12},"end":{"line":76,"column":13}}],"line":69}},"s":{"0":1,"1":1,"2":0,"3":0,"4":0,"5":0,"6":0,"7":0,"8":0,"9":0,"10":0,"11":0,"12":0,"13":0,"14":0,"15":0,"16":0,"17":0,"18":0,"19":0,"20":0,"21":0,"22":1},"f":{"0":0,"1":0,"2":0,"3":0,"4":0,"5":0,"6":0,"7":0,"8":0,"9":0,"10":0,"11":0},"b":{"0":[0,0],"1":[0,0],"2":[0,0],"3":[0,0]},"_coverageSchema":"1a1c01bbd47fc00a2c39e90264f33305004495a9","hash":"6b4e4d1c8b01a404aad287916f490c9ba3b3d620"}
,"/Users/kirwanmolek/Documents/Hacktiv8/js-phase3/Splitter/Server/helpers/bcrypt.js": {"path":"/Users/kirwanmolek/Documents/Hacktiv8/js-phase3/Splitter/Server/helpers/bcrypt.js","statementMap":{"0":{"start":{"line":1,"column":15},"end":{"line":1,"column":32}},"1":{"start":{"line":2,"column":19},"end":{"line":2,"column":20}},"2":{"start":{"line":4,"column":0},"end":{"line":12,"column":1}},"3":{"start":{"line":6,"column":8},"end":{"line":6,"column":53}},"4":{"start":{"line":10,"column":8},"end":{"line":10,"column":50}}},"fnMap":{"0":{"name":"(anonymous_0)","decl":{"start":{"line":5,"column":4},"end":{"line":5,"column":5}},"loc":{"start":{"line":5,"column":27},"end":{"line":7,"column":5}},"line":5},"1":{"name":"(anonymous_1)","decl":{"start":{"line":9,"column":4},"end":{"line":9,"column":5}},"loc":{"start":{"line":9,"column":32},"end":{"line":11,"column":5}},"line":9}},"branchMap":{},"s":{"0":1,"1":1,"2":1,"3":2,"4":2},"f":{"0":2,"1":2},"b":{},"_coverageSchema":"1a1c01bbd47fc00a2c39e90264f33305004495a9","hash":"2a1d7e57c13e017e10e2bdca9445e3374e6cbfee"}
,"/Users/kirwanmolek/Documents/Hacktiv8/js-phase3/Splitter/Server/middlewares/authentication.js": {"path":"/Users/kirwanmolek/Documents/Hacktiv8/js-phase3/Splitter/Server/middlewares/authentication.js","statementMap":{"0":{"start":{"line":1,"column":24},"end":{"line":1,"column":40}},"1":{"start":{"line":2,"column":13},"end":{"line":2,"column":38}},"2":{"start":{"line":5,"column":2},"end":{"line":22,"column":3}},"3":{"start":{"line":6,"column":6},"end":{"line":19,"column":7}},"4":{"start":{"line":7,"column":8},"end":{"line":7,"column":58}},"5":{"start":{"line":8,"column":8},"end":{"line":16,"column":23}},"6":{"start":{"line":10,"column":12},"end":{"line":14,"column":13}},"7":{"start":{"line":11,"column":14},"end":{"line":11,"column":21}},"8":{"start":{"line":13,"column":14},"end":{"line":13,"column":63}},"9":{"start":{"line":18,"column":8},"end":{"line":18,"column":18}},"10":{"start":{"line":21,"column":6},"end":{"line":21,"column":61}},"11":{"start":{"line":25,"column":0},"end":{"line":27,"column":1}}},"fnMap":{"0":{"name":"authentication","decl":{"start":{"line":4,"column":9},"end":{"line":4,"column":23}},"loc":{"start":{"line":4,"column":40},"end":{"line":23,"column":1}},"line":4},"1":{"name":"(anonymous_1)","decl":{"start":{"line":9,"column":16},"end":{"line":9,"column":17}},"loc":{"start":{"line":9,"column":24},"end":{"line":15,"column":11}},"line":9}},"branchMap":{"0":{"loc":{"start":{"line":5,"column":2},"end":{"line":22,"column":3}},"type":"if","locations":[{"start":{"line":5,"column":2},"end":{"line":22,"column":3}},{"start":{"line":5,"column":2},"end":{"line":22,"column":3}}],"line":5},"1":{"loc":{"start":{"line":10,"column":12},"end":{"line":14,"column":13}},"type":"if","locations":[{"start":{"line":10,"column":12},"end":{"line":14,"column":13}},{"start":{"line":10,"column":12},"end":{"line":14,"column":13}}],"line":10}},"s":{"0":1,"1":1,"2":10,"3":9,"4":9,"5":8,"6":8,"7":7,"8":1,"9":1,"10":1,"11":1},"f":{"0":10,"1":8},"b":{"0":[9,1],"1":[7,1]},"_coverageSchema":"1a1c01bbd47fc00a2c39e90264f33305004495a9","hash":"c9123a5270efb1ef42d395b8d72737b4f00094c8"}
,"/Users/kirwanmolek/Documents/Hacktiv8/js-phase3/Splitter/Server/middlewares/authorizationUserId.js": {"path":"/Users/kirwanmolek/Documents/Hacktiv8/js-phase3/Splitter/Server/middlewares/authorizationUserId.js","statementMap":{"0":{"start":{"line":1,"column":13},"end":{"line":1,"column":38}},"1":{"start":{"line":4,"column":17},"end":{"line":4,"column":37}},"2":{"start":{"line":5,"column":4},"end":{"line":17,"column":16}},"3":{"start":{"line":7,"column":8},"end":{"line":15,"column":9}},"4":{"start":{"line":8,"column":12},"end":{"line":12,"column":13}},"5":{"start":{"line":9,"column":16},"end":{"line":9,"column":23}},"6":{"start":{"line":11,"column":16},"end":{"line":11,"column":61}},"7":{"start":{"line":14,"column":12},"end":{"line":14,"column":60}},"8":{"start":{"line":20,"column":0},"end":{"line":22,"column":1}}},"fnMap":{"0":{"name":"authorizationUserId","decl":{"start":{"line":3,"column":9},"end":{"line":3,"column":28}},"loc":{"start":{"line":3,"column":45},"end":{"line":18,"column":1}},"line":3},"1":{"name":"(anonymous_1)","decl":{"start":{"line":6,"column":10},"end":{"line":6,"column":11}},"loc":{"start":{"line":6,"column":18},"end":{"line":16,"column":5}},"line":6}},"branchMap":{"0":{"loc":{"start":{"line":7,"column":8},"end":{"line":15,"column":9}},"type":"if","locations":[{"start":{"line":7,"column":8},"end":{"line":15,"column":9}},{"start":{"line":7,"column":8},"end":{"line":15,"column":9}}],"line":7},"1":{"loc":{"start":{"line":8,"column":12},"end":{"line":12,"column":13}},"type":"if","locations":[{"start":{"line":8,"column":12},"end":{"line":12,"column":13}},{"start":{"line":8,"column":12},"end":{"line":12,"column":13}}],"line":8}},"s":{"0":1,"1":4,"2":4,"3":4,"4":3,"5":2,"6":1,"7":1,"8":1},"f":{"0":4,"1":4},"b":{"0":[3,1],"1":[2,1]},"_coverageSchema":"1a1c01bbd47fc00a2c39e90264f33305004495a9","hash":"6f98a89c914a27c3b6352dd81bfa618d3a7eea76"}
,"/Users/kirwanmolek/Documents/Hacktiv8/js-phase3/Splitter/Server/middlewares/authorizationUserName.js": {"path":"/Users/kirwanmolek/Documents/Hacktiv8/js-phase3/Splitter/Server/middlewares/authorizationUserName.js","statementMap":{"0":{"start":{"line":1,"column":13},"end":{"line":1,"column":38}},"1":{"start":{"line":4,"column":17},"end":{"line":4,"column":37}},"2":{"start":{"line":5,"column":4},"end":{"line":17,"column":16}},"3":{"start":{"line":7,"column":8},"end":{"line":15,"column":9}},"4":{"start":{"line":8,"column":12},"end":{"line":12,"column":13}},"5":{"start":{"line":9,"column":16},"end":{"line":9,"column":23}},"6":{"start":{"line":11,"column":16},"end":{"line":11,"column":61}},"7":{"start":{"line":14,"column":12},"end":{"line":14,"column":60}},"8":{"start":{"line":20,"column":0},"end":{"line":22,"column":1}}},"fnMap":{"0":{"name":"authorizationUserName","decl":{"start":{"line":3,"column":9},"end":{"line":3,"column":30}},"loc":{"start":{"line":3,"column":47},"end":{"line":18,"column":1}},"line":3},"1":{"name":"(anonymous_1)","decl":{"start":{"line":6,"column":10},"end":{"line":6,"column":11}},"loc":{"start":{"line":6,"column":18},"end":{"line":16,"column":5}},"line":6}},"branchMap":{"0":{"loc":{"start":{"line":7,"column":8},"end":{"line":15,"column":9}},"type":"if","locations":[{"start":{"line":7,"column":8},"end":{"line":15,"column":9}},{"start":{"line":7,"column":8},"end":{"line":15,"column":9}}],"line":7},"1":{"loc":{"start":{"line":8,"column":12},"end":{"line":12,"column":13}},"type":"if","locations":[{"start":{"line":8,"column":12},"end":{"line":12,"column":13}},{"start":{"line":8,"column":12},"end":{"line":12,"column":13}}],"line":8}},"s":{"0":1,"1":3,"2":3,"3":3,"4":2,"5":1,"6":1,"7":1,"8":1},"f":{"0":3,"1":3},"b":{"0":[2,1],"1":[1,1]},"_coverageSchema":"1a1c01bbd47fc00a2c39e90264f33305004495a9","hash":"95aea460963a6ac01b6cf7a9a2c7f650a35250d2"}
,"/Users/kirwanmolek/Documents/Hacktiv8/js-phase3/Splitter/Server/middlewares/errorHandler.js": {"path":"/Users/kirwanmolek/Documents/Hacktiv8/js-phase3/Splitter/Server/middlewares/errorHandler.js","statementMap":{"0":{"start":{"line":1,"column":0},"end":{"line":15,"column":1}},"1":{"start":{"line":2,"column":17},"end":{"line":2,"column":21}},"2":{"start":{"line":3,"column":18},"end":{"line":3,"column":22}},"3":{"start":{"line":5,"column":4},"end":{"line":11,"column":5}},"4":{"start":{"line":6,"column":8},"end":{"line":6,"column":21}},"5":{"start":{"line":7,"column":8},"end":{"line":7,"column":40}},"6":{"start":{"line":9,"column":8},"end":{"line":9,"column":37}},"7":{"start":{"line":10,"column":8},"end":{"line":10,"column":59}},"8":{"start":{"line":14,"column":4},"end":{"line":14,"column":40}}},"fnMap":{"0":{"name":"(anonymous_0)","decl":{"start":{"line":1,"column":17},"end":{"line":1,"column":18}},"loc":{"start":{"line":1,"column":50},"end":{"line":15,"column":1}},"line":1}},"branchMap":{"0":{"loc":{"start":{"line":5,"column":4},"end":{"line":11,"column":5}},"type":"if","locations":[{"start":{"line":5,"column":4},"end":{"line":11,"column":5}},{"start":{"line":5,"column":4},"end":{"line":11,"column":5}}],"line":5},"1":{"loc":{"start":{"line":9,"column":17},"end":{"line":9,"column":36}},"type":"binary-expr","locations":[{"start":{"line":9,"column":17},"end":{"line":9,"column":29}},{"start":{"line":9,"column":33},"end":{"line":9,"column":36}}],"line":9},"2":{"loc":{"start":{"line":10,"column":18},"end":{"line":10,"column":58}},"type":"binary-expr","locations":[{"start":{"line":10,"column":18},"end":{"line":10,"column":31}},{"start":{"line":10,"column":35},"end":{"line":10,"column":58}}],"line":10}},"s":{"0":1,"1":10,"2":10,"3":10,"4":1,"5":1,"6":9,"7":9,"8":10},"f":{"0":10},"b":{"0":[1,9],"1":[9,0],"2":[9,0]},"_coverageSchema":"1a1c01bbd47fc00a2c39e90264f33305004495a9","hash":"85de5e472cc10b9beb770e8d48d303827ce97423"}
,"/Users/kirwanmolek/Documents/Hacktiv8/js-phase3/Splitter/Server/middlewares/jwt.js": {"path":"/Users/kirwanmolek/Documents/Hacktiv8/js-phase3/Splitter/Server/middlewares/jwt.js","statementMap":{"0":{"start":{"line":1,"column":12},"end":{"line":1,"column":35}},"1":{"start":{"line":3,"column":0},"end":{"line":11,"column":1}},"2":{"start":{"line":5,"column":8},"end":{"line":5,"column":57}},"3":{"start":{"line":9,"column":8},"end":{"line":9,"column":57}}},"fnMap":{"0":{"name":"(anonymous_0)","decl":{"start":{"line":4,"column":4},"end":{"line":4,"column":5}},"loc":{"start":{"line":4,"column":27},"end":{"line":6,"column":5}},"line":4},"1":{"name":"(anonymous_1)","decl":{"start":{"line":8,"column":4},"end":{"line":8,"column":5}},"loc":{"start":{"line":8,"column":23},"end":{"line":10,"column":5}},"line":8}},"branchMap":{},"s":{"0":1,"1":1,"2":3,"3":9},"f":{"0":3,"1":9},"b":{},"_coverageSchema":"1a1c01bbd47fc00a2c39e90264f33305004495a9","hash":"786056a5b7717e73b19216e74cb3625c7830d3a5"}
,"/Users/kirwanmolek/Documents/Hacktiv8/js-phase3/Splitter/Server/models/event.js": {"path":"/Users/kirwanmolek/Documents/Hacktiv8/js-phase3/Splitter/Server/models/event.js","statementMap":{"0":{"start":{"line":1,"column":17},"end":{"line":1,"column":36}},"1":{"start":{"line":2,"column":17},"end":{"line":2,"column":32}},"2":{"start":{"line":4,"column":20},"end":{"line":21,"column":2}},"3":{"start":{"line":23,"column":0},"end":{"line":23,"column":54}}},"fnMap":{},"branchMap":{},"s":{"0":1,"1":1,"2":1,"3":1},"f":{},"b":{},"_coverageSchema":"1a1c01bbd47fc00a2c39e90264f33305004495a9","hash":"d193b5722d8888b1bdf1ec7c5e04b95f85783e4b"}
,"/Users/kirwanmolek/Documents/Hacktiv8/js-phase3/Splitter/Server/models/transaction.js": {"path":"/Users/kirwanmolek/Documents/Hacktiv8/js-phase3/Splitter/Server/models/transaction.js","statementMap":{"0":{"start":{"line":1,"column":17},"end":{"line":1,"column":36}},"1":{"start":{"line":2,"column":19},"end":{"line":2,"column":27}},"2":{"start":{"line":4,"column":27},"end":{"line":46,"column":2}},"3":{"start":{"line":48,"column":21},"end":{"line":48,"column":71}},"4":{"start":{"line":50,"column":0},"end":{"line":50,"column":29}}},"fnMap":{},"branchMap":{},"s":{"0":1,"1":1,"2":1,"3":1,"4":1},"f":{},"b":{},"_coverageSchema":"1a1c01bbd47fc00a2c39e90264f33305004495a9","hash":"d1d79f236aeeacd1be2ae7e934bb5bf41fd8f7f5"}
,"/Users/kirwanmolek/Documents/Hacktiv8/js-phase3/Splitter/Server/models/user.js": {"path":"/Users/kirwanmolek/Documents/Hacktiv8/js-phase3/Splitter/Server/models/user.js","statementMap":{"0":{"start":{"line":1,"column":17},"end":{"line":1,"column":36}},"1":{"start":{"line":2,"column":15},"end":{"line":2,"column":43}},"2":{"start":{"line":3,"column":15},"end":{"line":3,"column":30}},"3":{"start":{"line":5,"column":19},"end":{"line":76,"column":2}},"4":{"start":{"line":16,"column":16},"end":{"line":28,"column":19}},"5":{"start":{"line":20,"column":20},"end":{"line":24,"column":21}},"6":{"start":{"line":21,"column":24},"end":{"line":21,"column":37}},"7":{"start":{"line":23,"column":24},"end":{"line":23,"column":36}},"8":{"start":{"line":27,"column":20},"end":{"line":27,"column":58}},"9":{"start":{"line":38,"column":16},"end":{"line":50,"column":19}},"10":{"start":{"line":42,"column":20},"end":{"line":46,"column":21}},"11":{"start":{"line":43,"column":24},"end":{"line":43,"column":37}},"12":{"start":{"line":45,"column":24},"end":{"line":45,"column":36}},"13":{"start":{"line":49,"column":20},"end":{"line":49,"column":58}},"14":{"start":{"line":78,"column":0},"end":{"line":81,"column":3}},"15":{"start":{"line":79,"column":4},"end":{"line":79,"column":55}},"16":{"start":{"line":80,"column":4},"end":{"line":80,"column":11}},"17":{"start":{"line":83,"column":13},"end":{"line":83,"column":47}},"18":{"start":{"line":85,"column":0},"end":{"line":85,"column":22}}},"fnMap":{"0":{"name":"(anonymous_0)","decl":{"start":{"line":15,"column":23},"end":{"line":15,"column":24}},"loc":{"start":{"line":15,"column":39},"end":{"line":29,"column":13}},"line":15},"1":{"name":"(anonymous_1)","decl":{"start":{"line":19,"column":22},"end":{"line":19,"column":23}},"loc":{"start":{"line":19,"column":32},"end":{"line":25,"column":17}},"line":19},"2":{"name":"(anonymous_2)","decl":{"start":{"line":26,"column":23},"end":{"line":26,"column":24}},"loc":{"start":{"line":26,"column":30},"end":{"line":28,"column":17}},"line":26},"3":{"name":"(anonymous_3)","decl":{"start":{"line":37,"column":23},"end":{"line":37,"column":24}},"loc":{"start":{"line":37,"column":42},"end":{"line":51,"column":13}},"line":37},"4":{"name":"(anonymous_4)","decl":{"start":{"line":41,"column":22},"end":{"line":41,"column":23}},"loc":{"start":{"line":41,"column":32},"end":{"line":47,"column":17}},"line":41},"5":{"name":"(anonymous_5)","decl":{"start":{"line":48,"column":23},"end":{"line":48,"column":24}},"loc":{"start":{"line":48,"column":30},"end":{"line":50,"column":17}},"line":48},"6":{"name":"(anonymous_6)","decl":{"start":{"line":78,"column":23},"end":{"line":78,"column":24}},"loc":{"start":{"line":78,"column":38},"end":{"line":81,"column":1}},"line":78}},"branchMap":{"0":{"loc":{"start":{"line":20,"column":20},"end":{"line":24,"column":21}},"type":"if","locations":[{"start":{"line":20,"column":20},"end":{"line":24,"column":21}},{"start":{"line":20,"column":20},"end":{"line":24,"column":21}}],"line":20},"1":{"loc":{"start":{"line":42,"column":20},"end":{"line":46,"column":21}},"type":"if","locations":[{"start":{"line":42,"column":20},"end":{"line":46,"column":21}},{"start":{"line":42,"column":20},"end":{"line":46,"column":21}}],"line":42}},"s":{"0":1,"1":1,"2":1,"3":1,"4":3,"5":3,"6":1,"7":2,"8":0,"9":3,"10":3,"11":1,"12":2,"13":0,"14":1,"15":2,"16":2,"17":1,"18":1},"f":{"0":3,"1":3,"2":0,"3":3,"4":3,"5":0,"6":2},"b":{"0":[1,2],"1":[1,2]},"_coverageSchema":"1a1c01bbd47fc00a2c39e90264f33305004495a9","hash":"23a568ce9e1ecb99072be982ad9c7028f231190a"}
,"/Users/kirwanmolek/Documents/Hacktiv8/js-phase3/Splitter/Server/routes/UserRouter.js": {"path":"/Users/kirwanmolek/Documents/Hacktiv8/js-phase3/Splitter/Server/routes/UserRouter.js","statementMap":{"0":{"start":{"line":1,"column":14},"end":{"line":1,"column":41}},"1":{"start":{"line":2,"column":23},"end":{"line":2,"column":63}},"2":{"start":{"line":3,"column":28},"end":{"line":3,"column":68}},"3":{"start":{"line":4,"column":32},"end":{"line":4,"column":77}},"4":{"start":{"line":5,"column":34},"end":{"line":5,"column":81}},"5":{"start":{"line":7,"column":0},"end":{"line":7,"column":42}},"6":{"start":{"line":8,"column":0},"end":{"line":8,"column":48}},"7":{"start":{"line":10,"column":0},"end":{"line":10,"column":25}},"8":{"start":{"line":11,"column":0},"end":{"line":11,"column":64}},"9":{"start":{"line":12,"column":0},"end":{"line":12,"column":61}},"10":{"start":{"line":13,"column":0},"end":{"line":13,"column":87}},"11":{"start":{"line":15,"column":0},"end":{"line":15,"column":22}}},"fnMap":{},"branchMap":{},"s":{"0":1,"1":1,"2":1,"3":1,"4":1,"5":1,"6":1,"7":1,"8":1,"9":1,"10":1,"11":1},"f":{},"b":{},"_coverageSchema":"1a1c01bbd47fc00a2c39e90264f33305004495a9","hash":"eb2d98ddb74e1db3d401984d70fe62877b8b9a5e"}
,"/Users/kirwanmolek/Documents/Hacktiv8/js-phase3/Splitter/Server/routes/event.js": {"path":"/Users/kirwanmolek/Documents/Hacktiv8/js-phase3/Splitter/Server/routes/event.js","statementMap":{"0":{"start":{"line":1,"column":26},"end":{"line":1,"column":53}},"1":{"start":{"line":2,"column":26},"end":{"line":2,"column":67}},"2":{"start":{"line":4,"column":0},"end":{"line":4,"column":43}},"3":{"start":{"line":5,"column":0},"end":{"line":5,"column":49}},"4":{"start":{"line":6,"column":0},"end":{"line":6,"column":42}},"5":{"start":{"line":7,"column":0},"end":{"line":7,"column":47}},"6":{"start":{"line":8,"column":0},"end":{"line":8,"column":50}},"7":{"start":{"line":10,"column":0},"end":{"line":10,"column":22}}},"fnMap":{},"branchMap":{},"s":{"0":1,"1":1,"2":1,"3":1,"4":1,"5":1,"6":1,"7":1},"f":{},"b":{},"_coverageSchema":"1a1c01bbd47fc00a2c39e90264f33305004495a9","hash":"54020272c276ee4c6324ce390db9581c71506d85"}
,"/Users/kirwanmolek/Documents/Hacktiv8/js-phase3/Splitter/Server/routes/index.js": {"path":"/Users/kirwanmolek/Documents/Hacktiv8/js-phase3/Splitter/Server/routes/index.js","statementMap":{"0":{"start":{"line":1,"column":14},"end":{"line":1,"column":41}},"1":{"start":{"line":2,"column":19},"end":{"line":2,"column":42}},"2":{"start":{"line":3,"column":21},"end":{"line":3,"column":46}},"3":{"start":{"line":4,"column":19},"end":{"line":4,"column":37}},"4":{"start":{"line":6,"column":0},"end":{"line":6,"column":31}},"5":{"start":{"line":7,"column":0},"end":{"line":7,"column":40}},"6":{"start":{"line":8,"column":0},"end":{"line":8,"column":32}},"7":{"start":{"line":10,"column":0},"end":{"line":10,"column":22}}},"fnMap":{},"branchMap":{},"s":{"0":1,"1":1,"2":1,"3":1,"4":1,"5":1,"6":1,"7":1},"f":{},"b":{},"_coverageSchema":"1a1c01bbd47fc00a2c39e90264f33305004495a9","hash":"29f627c6321b37bdf865a4f6df31e2d1a8a3792a"}
,"/Users/kirwanmolek/Documents/Hacktiv8/js-phase3/Splitter/Server/routes/transactions.js": {"path":"/Users/kirwanmolek/Documents/Hacktiv8/js-phase3/Splitter/Server/routes/transactions.js","statementMap":{"0":{"start":{"line":1,"column":14},"end":{"line":1,"column":41}},"1":{"start":{"line":2,"column":30},"end":{"line":2,"column":77}},"2":{"start":{"line":4,"column":0},"end":{"line":4,"column":71}},"3":{"start":{"line":6,"column":0},"end":{"line":6,"column":74}},"4":{"start":{"line":8,"column":0},"end":{"line":8,"column":68}},"5":{"start":{"line":10,"column":0},"end":{"line":10,"column":71}},"6":{"start":{"line":12,"column":0},"end":{"line":12,"column":22}}},"fnMap":{},"branchMap":{},"s":{"0":1,"1":1,"2":1,"3":1,"4":1,"5":1,"6":1},"f":{},"b":{},"_coverageSchema":"1a1c01bbd47fc00a2c39e90264f33305004495a9","hash":"69fa55a80490c2ce376755360e609bda51883102"}
}
