TN:
SF:app.js
FN:19,(anonymous_0)
FN:22,(anonymous_1)
FNF:2
FNH:1
FNDA:1,(anonymous_0)
FNDA:0,(anonymous_1)
DA:1,1
DA:2,1
DA:5,1
DA:6,1
DA:7,1
DA:8,1
DA:9,1
DA:10,1
DA:11,1
DA:14,1
DA:15,1
DA:18,1
DA:20,1
DA:23,0
DA:26,1
DA:33,1
LF:16
LH:15
BRDA:1,0,0,1
BRDA:1,0,1,0
BRDA:1,1,0,1
BRDA:1,1,1,1
BRDA:11,2,0,1
BRDA:11,2,1,1
BRDA:14,3,0,1
BRDA:14,3,1,0
BRDA:14,4,0,1
BRDA:14,4,1,1
BRF:10
BRH:8
end_of_record
TN:
SF:controllers/EventController.js
FN:6,(anonymous_0)
FN:8,(anonymous_1)
FN:13,(anonymous_2)
FN:18,(anonymous_3)
FN:20,(anonymous_4)
FN:25,(anonymous_5)
FN:30,(anonymous_6)
FN:34,(anonymous_7)
FN:39,(anonymous_8)
FN:44,(anonymous_9)
FN:48,(anonymous_10)
FN:53,(anonymous_11)
FN:58,(anonymous_12)
FN:60,(anonymous_13)
FN:63,(anonymous_14)
FNF:15
FNH:0
FNDA:0,(anonymous_0)
FNDA:0,(anonymous_1)
FNDA:0,(anonymous_2)
FNDA:0,(anonymous_3)
FNDA:0,(anonymous_4)
FNDA:0,(anonymous_5)
FNDA:0,(anonymous_6)
FNDA:0,(anonymous_7)
FNDA:0,(anonymous_8)
FNDA:0,(anonymous_9)
FNDA:0,(anonymous_10)
FNDA:0,(anonymous_11)
FNDA:0,(anonymous_12)
FNDA:0,(anonymous_13)
FNDA:0,(anonymous_14)
DA:1,1
DA:2,1
DA:3,1
DA:7,0
DA:9,0
DA:14,0
DA:19,0
DA:21,0
DA:26,0
DA:31,0
DA:32,0
DA:33,0
DA:35,0
DA:40,0
DA:45,0
DA:47,0
DA:49,0
DA:54,0
DA:59,0
DA:61,0
DA:64,0
DA:69,1
LF:22
LH:4
BRF:0
BRH:0
end_of_record
TN:
SF:controllers/UserController.js
FN:6,(anonymous_0)
FN:17,(anonymous_1)
FN:30,(anonymous_2)
FN:41,(anonymous_3)
FN:44,(anonymous_4)
FN:68,(anonymous_5)
FN:71,(anonymous_6)
FN:77,(anonymous_7)
FN:80,(anonymous_8)
FN:86,(anonymous_9)
FN:100,(anonymous_10)
FN:106,(anonymous_11)
FN:113,(anonymous_12)
FN:115,(anonymous_13)
FN:135,(anonymous_14)
FN:155,(anonymous_15)
FN:163,(anonymous_16)
FN:165,(anonymous_17)
FN:196,(anonymous_18)
FN:202,(anonymous_19)
FN:209,(anonymous_20)
FN:211,(anonymous_21)
FN:236,(anonymous_22)
FN:242,(anonymous_23)
FN:249,(anonymous_24)
FN:251,(anonymous_25)
FN:269,(anonymous_26)
FNF:27
FNH:27
FNDA:3,(anonymous_0)
FNDA:2,(anonymous_1)
FNDA:1,(anonymous_2)
FNDA:3,(anonymous_3)
FNDA:3,(anonymous_4)
FNDA:1,(anonymous_5)
FNDA:1,(anonymous_6)
FNDA:1,(anonymous_7)
FNDA:1,(anonymous_8)
FNDA:1,(anonymous_9)
FNDA:1,(anonymous_10)
FNDA:3,(anonymous_11)
FNDA:3,(anonymous_12)
FNDA:5,(anonymous_13)
FNDA:1,(anonymous_14)
FNDA:3,(anonymous_15)
FNDA:3,(anonymous_16)
FNDA:5,(anonymous_17)
FNDA:3,(anonymous_18)
FNDA:3,(anonymous_19)
FNDA:3,(anonymous_20)
FNDA:5,(anonymous_21)
FNDA:3,(anonymous_22)
FNDA:3,(anonymous_23)
FNDA:3,(anonymous_24)
FNDA:5,(anonymous_25)
FNDA:1,(anonymous_26)
DA:1,1
DA:2,1
DA:3,1
DA:7,3
DA:8,3
DA:18,2
DA:19,2
DA:37,1
DA:42,3
DA:43,3
DA:45,3
DA:46,1
DA:48,2
DA:49,1
DA:50,1
DA:61,1
DA:69,1
DA:70,1
DA:72,1
DA:78,1
DA:79,1
DA:81,1
DA:87,1
DA:88,1
DA:89,1
DA:101,1
DA:108,3
DA:109,3
DA:110,3
DA:112,3
DA:114,3
DA:115,2
DA:116,5
DA:117,1
DA:120,2
DA:121,1
DA:136,1
DA:146,1
DA:149,1
DA:157,3
DA:158,3
DA:159,3
DA:160,3
DA:162,3
DA:164,3
DA:165,2
DA:166,5
DA:167,1
DA:168,1
DA:176,2
DA:177,1
DA:190,1
DA:193,1
DA:197,3
DA:204,3
DA:205,3
DA:206,3
DA:208,3
DA:210,3
DA:211,2
DA:212,5
DA:213,1
DA:216,2
DA:217,1
DA:219,1
DA:233,1
DA:237,3
DA:244,3
DA:245,3
DA:246,3
DA:248,3
DA:250,3
DA:251,2
DA:252,5
DA:253,1
DA:256,2
DA:257,1
DA:270,1
DA:273,1
DA:276,1
DA:283,1
LF:81
LH:81
BRDA:45,0,0,1
BRDA:45,0,1,2
BRDA:48,1,0,1
BRDA:48,1,1,1
BRDA:114,2,0,2
BRDA:114,2,1,1
BRDA:116,3,0,1
BRDA:116,3,1,4
BRDA:116,4,0,5
BRDA:116,4,1,1
BRDA:116,4,2,1
BRDA:120,5,0,1
BRDA:120,5,1,1
BRDA:164,6,0,2
BRDA:164,6,1,1
BRDA:166,7,0,1
BRDA:166,7,1,4
BRDA:176,8,0,1
BRDA:176,8,1,1
BRDA:210,9,0,2
BRDA:210,9,1,1
BRDA:212,10,0,1
BRDA:212,10,1,4
BRDA:216,11,0,1
BRDA:216,11,1,1
BRDA:250,12,0,2
BRDA:250,12,1,1
BRDA:252,13,0,1
BRDA:252,13,1,4
BRDA:256,14,0,1
BRDA:256,14,1,1
BRF:31
BRH:31
end_of_record
TN:
SF:controllers/transactionController.js
FN:5,(anonymous_0)
FN:7,(anonymous_1)
FN:17,(anonymous_2)
FN:22,(anonymous_3)
FN:26,(anonymous_4)
FN:36,(anonymous_5)
FN:42,(anonymous_6)
FN:46,(anonymous_7)
FN:56,(anonymous_8)
FN:61,(anonymous_9)
FN:68,(anonymous_10)
FN:78,(anonymous_11)
FNF:12
FNH:0
FNDA:0,(anonymous_0)
FNDA:0,(anonymous_1)
FNDA:0,(anonymous_2)
FNDA:0,(anonymous_3)
FNDA:0,(anonymous_4)
FNDA:0,(anonymous_5)
FNDA:0,(anonymous_6)
FNDA:0,(anonymous_7)
FNDA:0,(anonymous_8)
FNDA:0,(anonymous_9)
FNDA:0,(anonymous_10)
FNDA:0,(anonymous_11)
DA:1,1
DA:2,1
DA:6,0
DA:8,0
DA:9,0
DA:11,0
DA:18,0
DA:23,0
DA:27,0
DA:28,0
DA:30,0
DA:37,0
DA:43,0
DA:47,0
DA:48,0
DA:50,0
DA:57,0
DA:62,0
DA:69,0
DA:70,0
DA:72,0
DA:79,0
DA:85,1
LF:23
LH:3
BRDA:8,0,0,0
BRDA:8,0,1,0
BRDA:27,1,0,0
BRDA:27,1,1,0
BRDA:47,2,0,0
BRDA:47,2,1,0
BRDA:69,3,0,0
BRDA:69,3,1,0
BRF:8
BRH:0
end_of_record
TN:
SF:helpers/bcrypt.js
FN:5,(anonymous_0)
FN:9,(anonymous_1)
FNF:2
FNH:2
FNDA:2,(anonymous_0)
FNDA:2,(anonymous_1)
DA:1,1
DA:2,1
DA:4,1
DA:6,2
DA:10,2
LF:5
LH:5
BRF:0
BRH:0
end_of_record
TN:
SF:middlewares/authentication.js
FN:4,authentication
FN:9,(anonymous_1)
FNF:2
FNH:2
FNDA:22,authentication
FNDA:20,(anonymous_1)
DA:1,1
DA:2,1
DA:5,22
DA:6,21
DA:7,21
DA:8,20
DA:10,20
DA:11,19
DA:13,1
DA:18,1
DA:21,1
DA:25,1
LF:12
LH:12
BRDA:5,0,0,21
BRDA:5,0,1,1
BRDA:10,1,0,19
BRDA:10,1,1,1
BRF:4
BRH:4
end_of_record
TN:
SF:middlewares/authorizationUserId.js
FN:3,authorizationUserId
FN:6,(anonymous_1)
FNF:2
FNH:2
FNDA:4,authorizationUserId
FNDA:4,(anonymous_1)
DA:1,1
DA:4,4
DA:5,4
DA:7,4
DA:8,3
DA:9,2
DA:11,1
DA:14,1
DA:20,1
LF:9
LH:9
BRDA:7,0,0,3
BRDA:7,0,1,1
BRDA:8,1,0,2
BRDA:8,1,1,1
BRF:4
BRH:4
end_of_record
TN:
SF:middlewares/authorizationUserName.js
FN:3,authorizationUserName
FN:6,(anonymous_1)
FNF:2
FNH:2
FNDA:3,authorizationUserName
FNDA:3,(anonymous_1)
DA:1,1
DA:4,3
DA:5,3
DA:7,3
DA:8,2
DA:9,1
DA:11,1
DA:14,1
DA:20,1
LF:9
LH:9
BRDA:7,0,0,2
BRDA:7,0,1,1
BRDA:8,1,0,1
BRDA:8,1,1,1
BRF:4
BRH:4
end_of_record
TN:
SF:middlewares/errorHandler.js
FN:1,(anonymous_0)
FNF:1
FNH:1
FNDA:18,(anonymous_0)
DA:1,1
DA:2,18
DA:3,18
DA:5,18
DA:6,1
DA:7,1
DA:9,17
DA:10,17
DA:14,18
LF:9
LH:9
BRDA:5,0,0,1
BRDA:5,0,1,17
BRDA:9,1,0,17
BRDA:9,1,1,0
BRDA:10,2,0,17
BRDA:10,2,1,0
BRF:6
BRH:4
end_of_record
TN:
SF:middlewares/jwt.js
FN:4,(anonymous_0)
FN:8,(anonymous_1)
FNF:2
FNH:2
FNDA:3,(anonymous_0)
FNDA:21,(anonymous_1)
DA:1,1
DA:3,1
DA:5,3
DA:9,21
LF:4
LH:4
BRF:0
BRH:0
end_of_record
TN:
SF:middlewares/unggah.js
FN:7,(anonymous_0)
FNF:1
FNH:0
FNDA:0,(anonymous_0)
DA:1,1
DA:2,1
DA:8,0
DA:11,1
DA:14,1
LF:5
LH:4
BRF:0
BRH:0
end_of_record
TN:
SF:models/event.js
FNF:0
FNH:0
DA:1,1
DA:2,1
DA:4,1
DA:23,1
LF:4
LH:4
BRF:0
BRH:0
end_of_record
TN:
SF:models/transaction.js
FNF:0
FNH:0
DA:1,1
DA:2,1
DA:4,1
DA:48,1
DA:50,1
LF:5
LH:5
BRF:0
BRH:0
end_of_record
TN:
SF:models/user.js
FN:15,(anonymous_0)
FN:19,(anonymous_1)
FN:26,(anonymous_2)
FN:37,(anonymous_3)
FN:41,(anonymous_4)
FN:48,(anonymous_5)
FN:81,(anonymous_6)
FNF:7
FNH:5
FNDA:3,(anonymous_0)
FNDA:3,(anonymous_1)
FNDA:0,(anonymous_2)
FNDA:3,(anonymous_3)
FNDA:3,(anonymous_4)
FNDA:0,(anonymous_5)
FNDA:2,(anonymous_6)
DA:1,1
DA:2,1
DA:3,1
DA:5,1
DA:16,3
DA:20,3
DA:21,1
DA:23,2
DA:27,0
DA:38,3
DA:42,3
DA:43,1
DA:45,2
DA:49,0
DA:81,1
DA:82,2
DA:83,2
DA:86,1
DA:88,1
LF:19
LH:17
BRDA:20,0,0,1
BRDA:20,0,1,2
BRDA:42,1,0,1
BRDA:42,1,1,2
BRF:4
BRH:4
end_of_record
TN:
SF:routes/UserRouter.js
FNF:0
FNH:0
DA:1,1
DA:2,1
DA:3,1
DA:4,1
DA:5,1
DA:6,1
DA:8,1
DA:9,1
DA:11,1
DA:12,1
DA:13,1
DA:14,1
DA:15,1
DA:16,1
DA:17,1
DA:18,1
DA:20,1
LF:17
LH:17
BRF:0
BRH:0
end_of_record
TN:
SF:routes/event.js
FNF:0
FNH:0
DA:1,1
DA:2,1
DA:4,1
DA:5,1
DA:6,1
DA:7,1
DA:8,1
DA:10,1
LF:8
LH:8
BRF:0
BRH:0
end_of_record
TN:
SF:routes/index.js
FNF:0
FNH:0
DA:1,1
DA:2,1
DA:3,1
DA:4,1
DA:6,1
DA:7,1
DA:8,1
DA:10,1
LF:8
LH:8
BRF:0
BRH:0
end_of_record
TN:
SF:routes/transactions.js
FNF:0
FNH:0
DA:1,1
DA:2,1
DA:4,1
DA:6,1
DA:8,1
DA:10,1
DA:12,1
LF:7
LH:7
BRF:0
BRH:0
end_of_record
